{"D:\\___jobs_development\\4_personal\\servers\\ibhj_library\\dist\\src\\config\\db\\dataSource.js": {"path":"D:\\___jobs_development\\4_personal\\servers\\ibhj_library\\dist\\src\\config\\db\\dataSource.js","all":false,"statementMap":{"0":{"start":{"line":1,"column":0},"end":{"line":1,"column":13}},"1":{"start":{"line":2,"column":0},"end":{"line":2,"column":62}},"2":{"start":{"line":3,"column":0},"end":{"line":3,"column":66}},"3":{"start":{"line":4,"column":0},"end":{"line":4,"column":37}},"4":{"start":{"line":5,"column":0},"end":{"line":5,"column":31}},"5":{"start":{"line":6,"column":0},"end":{"line":6,"column":85}},"6":{"start":{"line":7,"column":0},"end":{"line":7,"column":77}},"7":{"start":{"line":8,"column":0},"end":{"line":8,"column":83}},"8":{"start":{"line":9,"column":0},"end":{"line":9,"column":57}},"9":{"start":{"line":10,"column":0},"end":{"line":10,"column":21}},"10":{"start":{"line":11,"column":0},"end":{"line":11,"column":22}},"11":{"start":{"line":12,"column":0},"end":{"line":12,"column":15}},"12":{"start":{"line":13,"column":0},"end":{"line":13,"column":22}},"13":{"start":{"line":14,"column":0},"end":{"line":14,"column":23}},"14":{"start":{"line":15,"column":0},"end":{"line":15,"column":42}},"15":{"start":{"line":16,"column":0},"end":{"line":16,"column":44}},"16":{"start":{"line":17,"column":0},"end":{"line":17,"column":22}},"17":{"start":{"line":18,"column":0},"end":{"line":18,"column":3}},"18":{"start":{"line":19,"column":0},"end":{"line":19,"column":54}},"19":{"start":{"line":20,"column":0},"end":{"line":20,"column":20}},"20":{"start":{"line":21,"column":0},"end":{"line":21,"column":22}},"21":{"start":{"line":22,"column":0},"end":{"line":22,"column":16}},"22":{"start":{"line":23,"column":0},"end":{"line":23,"column":36}},"23":{"start":{"line":24,"column":0},"end":{"line":24,"column":43}},"24":{"start":{"line":25,"column":0},"end":{"line":25,"column":22}},"25":{"start":{"line":26,"column":0},"end":{"line":26,"column":3}},"26":{"start":{"line":27,"column":0},"end":{"line":27,"column":48}},"27":{"start":{"line":28,"column":0},"end":{"line":28,"column":20}},"28":{"start":{"line":29,"column":0},"end":{"line":29,"column":49}},"29":{"start":{"line":30,"column":0},"end":{"line":30,"column":36}},"30":{"start":{"line":31,"column":0},"end":{"line":31,"column":46}},"31":{"start":{"line":32,"column":0},"end":{"line":32,"column":23}},"32":{"start":{"line":33,"column":0},"end":{"line":33,"column":5}}},"s":{"0":1,"1":1,"2":1,"3":1,"4":1,"5":1,"6":1,"7":1,"8":1,"9":1,"10":1,"11":1,"12":1,"13":1,"14":1,"15":1,"16":1,"17":1,"18":1,"19":1,"20":1,"21":1,"22":1,"23":1,"24":1,"25":1,"26":1,"27":1,"28":1,"29":1,"30":1,"31":1,"32":1},"branchMap":{},"b":{},"fnMap":{},"f":{}}
,"D:\\___jobs_development\\4_personal\\servers\\ibhj_library\\dist\\src\\config\\strategies\\base\\context.strategy.js": {"path":"D:\\___jobs_development\\4_personal\\servers\\ibhj_library\\dist\\src\\config\\strategies\\base\\context.strategy.js","all":false,"statementMap":{"0":{"start":{"line":1,"column":0},"end":{"line":1,"column":13}},"1":{"start":{"line":2,"column":0},"end":{"line":2,"column":62}},"2":{"start":{"line":3,"column":0},"end":{"line":3,"column":23}},"3":{"start":{"line":4,"column":0},"end":{"line":4,"column":13}},"4":{"start":{"line":5,"column":0},"end":{"line":5,"column":27}},"5":{"start":{"line":6,"column":0},"end":{"line":6,"column":33}},"6":{"start":{"line":7,"column":0},"end":{"line":7,"column":33}},"7":{"start":{"line":8,"column":0},"end":{"line":8,"column":5}},"8":{"start":{"line":9,"column":0},"end":{"line":9,"column":21}},"9":{"start":{"line":10,"column":0},"end":{"line":10,"column":39}},"10":{"start":{"line":11,"column":0},"end":{"line":11,"column":5}},"11":{"start":{"line":12,"column":0},"end":{"line":12,"column":24}},"12":{"start":{"line":13,"column":0},"end":{"line":13,"column":42}},"13":{"start":{"line":14,"column":0},"end":{"line":14,"column":5}},"14":{"start":{"line":15,"column":0},"end":{"line":15,"column":26}},"15":{"start":{"line":16,"column":0},"end":{"line":16,"column":50}},"16":{"start":{"line":17,"column":0},"end":{"line":17,"column":5}},"17":{"start":{"line":18,"column":0},"end":{"line":18,"column":26}},"18":{"start":{"line":19,"column":0},"end":{"line":19,"column":50}},"19":{"start":{"line":20,"column":0},"end":{"line":20,"column":5}},"20":{"start":{"line":21,"column":0},"end":{"line":21,"column":28}},"21":{"start":{"line":22,"column":0},"end":{"line":22,"column":46}},"22":{"start":{"line":23,"column":0},"end":{"line":23,"column":5}},"23":{"start":{"line":24,"column":0},"end":{"line":24,"column":22}},"24":{"start":{"line":25,"column":0},"end":{"line":25,"column":40}},"25":{"start":{"line":26,"column":0},"end":{"line":26,"column":5}},"26":{"start":{"line":27,"column":0},"end":{"line":27,"column":1}},"27":{"start":{"line":28,"column":0},"end":{"line":28,"column":34}}},"s":{"0":1,"1":1,"2":2,"3":2,"4":2,"5":2,"6":2,"7":2,"8":2,"9":0,"10":0,"11":2,"12":0,"13":0,"14":2,"15":2,"16":2,"17":2,"18":4,"19":4,"20":2,"21":2,"22":2,"23":2,"24":0,"25":0,"26":2,"27":1},"branchMap":{"0":{"type":"branch","line":3,"loc":{"start":{"line":3,"column":0},"end":{"line":27,"column":1}},"locations":[{"start":{"line":3,"column":0},"end":{"line":27,"column":1}}]},"1":{"type":"branch","line":5,"loc":{"start":{"line":5,"column":4},"end":{"line":8,"column":5}},"locations":[{"start":{"line":5,"column":4},"end":{"line":8,"column":5}}]},"2":{"type":"branch","line":15,"loc":{"start":{"line":15,"column":4},"end":{"line":17,"column":5}},"locations":[{"start":{"line":15,"column":4},"end":{"line":17,"column":5}}]},"3":{"type":"branch","line":18,"loc":{"start":{"line":18,"column":4},"end":{"line":20,"column":5}},"locations":[{"start":{"line":18,"column":4},"end":{"line":20,"column":5}}]},"4":{"type":"branch","line":21,"loc":{"start":{"line":21,"column":4},"end":{"line":23,"column":5}},"locations":[{"start":{"line":21,"column":4},"end":{"line":23,"column":5}}]}},"b":{"0":[2],"1":[2],"2":[2],"3":[4],"4":[2]},"fnMap":{"0":{"name":"<instance_members_initializer>","decl":{"start":{"line":3,"column":0},"end":{"line":27,"column":1}},"loc":{"start":{"line":3,"column":0},"end":{"line":27,"column":1}},"line":3},"1":{"name":"ContextStrategy","decl":{"start":{"line":5,"column":4},"end":{"line":8,"column":5}},"loc":{"start":{"line":5,"column":4},"end":{"line":8,"column":5}},"line":5},"2":{"name":"connect","decl":{"start":{"line":9,"column":4},"end":{"line":11,"column":5}},"loc":{"start":{"line":9,"column":4},"end":{"line":11,"column":5}},"line":9},"3":{"name":"create","decl":{"start":{"line":12,"column":4},"end":{"line":14,"column":5}},"loc":{"start":{"line":12,"column":4},"end":{"line":14,"column":5}},"line":12},"4":{"name":"findAll","decl":{"start":{"line":15,"column":4},"end":{"line":17,"column":5}},"loc":{"start":{"line":15,"column":4},"end":{"line":17,"column":5}},"line":15},"5":{"name":"findOne","decl":{"start":{"line":18,"column":4},"end":{"line":20,"column":5}},"loc":{"start":{"line":18,"column":4},"end":{"line":20,"column":5}},"line":18},"6":{"name":"update","decl":{"start":{"line":21,"column":4},"end":{"line":23,"column":5}},"loc":{"start":{"line":21,"column":4},"end":{"line":23,"column":5}},"line":21},"7":{"name":"delete","decl":{"start":{"line":24,"column":4},"end":{"line":26,"column":5}},"loc":{"start":{"line":24,"column":4},"end":{"line":26,"column":5}},"line":24}},"f":{"0":2,"1":2,"2":0,"3":0,"4":2,"5":4,"6":2,"7":0}}
,"D:\\___jobs_development\\4_personal\\servers\\ibhj_library\\dist\\src\\config\\strategies\\postgres\\postgres.strategy.js": {"path":"D:\\___jobs_development\\4_personal\\servers\\ibhj_library\\dist\\src\\config\\strategies\\postgres\\postgres.strategy.js","all":false,"statementMap":{"0":{"start":{"line":1,"column":0},"end":{"line":1,"column":13}},"1":{"start":{"line":2,"column":0},"end":{"line":2,"column":62}},"2":{"start":{"line":3,"column":0},"end":{"line":3,"column":52}},"3":{"start":{"line":4,"column":0},"end":{"line":4,"column":24}},"4":{"start":{"line":5,"column":0},"end":{"line":5,"column":15}},"5":{"start":{"line":6,"column":0},"end":{"line":6,"column":29}},"6":{"start":{"line":7,"column":0},"end":{"line":7,"column":37}},"7":{"start":{"line":8,"column":0},"end":{"line":8,"column":5}},"8":{"start":{"line":9,"column":0},"end":{"line":9,"column":28}},"9":{"start":{"line":10,"column":0},"end":{"line":10,"column":13}},"10":{"start":{"line":11,"column":0},"end":{"line":11,"column":84}},"11":{"start":{"line":12,"column":0},"end":{"line":12,"column":42}},"12":{"start":{"line":13,"column":0},"end":{"line":13,"column":70}},"13":{"start":{"line":14,"column":0},"end":{"line":14,"column":30}},"14":{"start":{"line":15,"column":0},"end":{"line":15,"column":9}},"15":{"start":{"line":16,"column":0},"end":{"line":16,"column":23}},"16":{"start":{"line":17,"column":0},"end":{"line":17,"column":31}},"17":{"start":{"line":18,"column":0},"end":{"line":18,"column":9}},"18":{"start":{"line":19,"column":0},"end":{"line":19,"column":5}},"19":{"start":{"line":20,"column":0},"end":{"line":20,"column":49}},"20":{"start":{"line":21,"column":0},"end":{"line":21,"column":60}},"21":{"start":{"line":22,"column":0},"end":{"line":22,"column":26}},"22":{"start":{"line":23,"column":0},"end":{"line":23,"column":5}},"23":{"start":{"line":24,"column":0},"end":{"line":24,"column":24}},"24":{"start":{"line":25,"column":0},"end":{"line":25,"column":42}},"25":{"start":{"line":26,"column":0},"end":{"line":26,"column":5}},"26":{"start":{"line":27,"column":0},"end":{"line":27,"column":26}},"27":{"start":{"line":28,"column":0},"end":{"line":28,"column":49}},"28":{"start":{"line":29,"column":0},"end":{"line":29,"column":5}},"29":{"start":{"line":30,"column":0},"end":{"line":30,"column":26}},"30":{"start":{"line":31,"column":0},"end":{"line":31,"column":63}},"31":{"start":{"line":32,"column":0},"end":{"line":32,"column":5}},"32":{"start":{"line":33,"column":0},"end":{"line":33,"column":28}},"33":{"start":{"line":34,"column":0},"end":{"line":34,"column":54}},"34":{"start":{"line":35,"column":0},"end":{"line":35,"column":5}},"35":{"start":{"line":36,"column":0},"end":{"line":36,"column":22}},"36":{"start":{"line":37,"column":0},"end":{"line":37,"column":52}},"37":{"start":{"line":38,"column":0},"end":{"line":38,"column":5}},"38":{"start":{"line":39,"column":0},"end":{"line":39,"column":1}},"39":{"start":{"line":40,"column":0},"end":{"line":40,"column":35}}},"s":{"0":1,"1":1,"2":1,"3":2,"4":2,"5":2,"6":2,"7":2,"8":2,"9":2,"10":2,"11":2,"12":2,"13":2,"14":2,"15":2,"16":0,"17":0,"18":2,"19":2,"20":2,"21":2,"22":2,"23":2,"24":0,"25":0,"26":2,"27":2,"28":2,"29":2,"30":4,"31":4,"32":2,"33":2,"34":2,"35":2,"36":0,"37":0,"38":2,"39":1},"branchMap":{"0":{"type":"branch","line":4,"loc":{"start":{"line":4,"column":0},"end":{"line":39,"column":1}},"locations":[{"start":{"line":4,"column":0},"end":{"line":39,"column":1}}]},"1":{"type":"branch","line":6,"loc":{"start":{"line":6,"column":4},"end":{"line":8,"column":5}},"locations":[{"start":{"line":6,"column":4},"end":{"line":8,"column":5}}]},"2":{"type":"branch","line":9,"loc":{"start":{"line":9,"column":4},"end":{"line":19,"column":5}},"locations":[{"start":{"line":9,"column":4},"end":{"line":19,"column":5}}]},"3":{"type":"branch","line":13,"loc":{"start":{"line":13,"column":16},"end":{"line":13,"column":70}},"locations":[{"start":{"line":13,"column":16},"end":{"line":13,"column":70}}]},"4":{"type":"branch","line":16,"loc":{"start":{"line":16,"column":8},"end":{"line":18,"column":9}},"locations":[{"start":{"line":16,"column":8},"end":{"line":18,"column":9}}]},"5":{"type":"branch","line":20,"loc":{"start":{"line":20,"column":11},"end":{"line":23,"column":5}},"locations":[{"start":{"line":20,"column":11},"end":{"line":23,"column":5}}]},"6":{"type":"branch","line":27,"loc":{"start":{"line":27,"column":4},"end":{"line":29,"column":5}},"locations":[{"start":{"line":27,"column":4},"end":{"line":29,"column":5}}]},"7":{"type":"branch","line":30,"loc":{"start":{"line":30,"column":4},"end":{"line":32,"column":5}},"locations":[{"start":{"line":30,"column":4},"end":{"line":32,"column":5}}]},"8":{"type":"branch","line":33,"loc":{"start":{"line":33,"column":4},"end":{"line":35,"column":5}},"locations":[{"start":{"line":33,"column":4},"end":{"line":35,"column":5}}]}},"b":{"0":[2],"1":[2],"2":[2],"3":[0],"4":[0],"5":[2],"6":[2],"7":[4],"8":[2]},"fnMap":{"0":{"name":"<instance_members_initializer>","decl":{"start":{"line":4,"column":0},"end":{"line":39,"column":1}},"loc":{"start":{"line":4,"column":0},"end":{"line":39,"column":1}},"line":4},"1":{"name":"PostgresStrategy","decl":{"start":{"line":6,"column":4},"end":{"line":8,"column":5}},"loc":{"start":{"line":6,"column":4},"end":{"line":8,"column":5}},"line":6},"2":{"name":"connect","decl":{"start":{"line":9,"column":4},"end":{"line":19,"column":5}},"loc":{"start":{"line":9,"column":4},"end":{"line":19,"column":5}},"line":9},"3":{"name":"createRepository","decl":{"start":{"line":20,"column":11},"end":{"line":23,"column":5}},"loc":{"start":{"line":20,"column":11},"end":{"line":23,"column":5}},"line":20},"4":{"name":"create","decl":{"start":{"line":24,"column":4},"end":{"line":26,"column":5}},"loc":{"start":{"line":24,"column":4},"end":{"line":26,"column":5}},"line":24},"5":{"name":"findAll","decl":{"start":{"line":27,"column":4},"end":{"line":29,"column":5}},"loc":{"start":{"line":27,"column":4},"end":{"line":29,"column":5}},"line":27},"6":{"name":"findOne","decl":{"start":{"line":30,"column":4},"end":{"line":32,"column":5}},"loc":{"start":{"line":30,"column":4},"end":{"line":32,"column":5}},"line":30},"7":{"name":"update","decl":{"start":{"line":33,"column":4},"end":{"line":35,"column":5}},"loc":{"start":{"line":33,"column":4},"end":{"line":35,"column":5}},"line":33},"8":{"name":"delete","decl":{"start":{"line":36,"column":4},"end":{"line":38,"column":5}},"loc":{"start":{"line":36,"column":4},"end":{"line":38,"column":5}},"line":36}},"f":{"0":2,"1":2,"2":2,"3":2,"4":0,"5":2,"6":4,"7":2,"8":0}}
,"D:\\___jobs_development\\4_personal\\servers\\ibhj_library\\dist\\src\\entities\\postgres\\address.entity.js": {"path":"D:\\___jobs_development\\4_personal\\servers\\ibhj_library\\dist\\src\\entities\\postgres\\address.entity.js","all":false,"statementMap":{"0":{"start":{"line":1,"column":0},"end":{"line":1,"column":13}},"1":{"start":{"line":2,"column":0},"end":{"line":2,"column":88}},"2":{"start":{"line":3,"column":0},"end":{"line":3,"column":129}},"3":{"start":{"line":4,"column":0},"end":{"line":4,"column":131}},"4":{"start":{"line":5,"column":0},"end":{"line":5,"column":150}},"5":{"start":{"line":6,"column":0},"end":{"line":6,"column":66}},"6":{"start":{"line":7,"column":0},"end":{"line":7,"column":2}},"7":{"start":{"line":8,"column":0},"end":{"line":8,"column":63}},"8":{"start":{"line":9,"column":0},"end":{"line":9,"column":109}},"9":{"start":{"line":10,"column":0},"end":{"line":10,"column":2}},"10":{"start":{"line":11,"column":0},"end":{"line":11,"column":62}},"11":{"start":{"line":12,"column":0},"end":{"line":12,"column":37}},"12":{"start":{"line":13,"column":0},"end":{"line":13,"column":57}},"13":{"start":{"line":14,"column":0},"end":{"line":14,"column":41}},"14":{"start":{"line":15,"column":0},"end":{"line":15,"column":7}},"15":{"start":{"line":16,"column":0},"end":{"line":16,"column":8}},"16":{"start":{"line":17,"column":0},"end":{"line":17,"column":15}},"17":{"start":{"line":18,"column":0},"end":{"line":18,"column":11}},"18":{"start":{"line":19,"column":0},"end":{"line":19,"column":15}},"19":{"start":{"line":20,"column":0},"end":{"line":20,"column":16}},"20":{"start":{"line":21,"column":0},"end":{"line":21,"column":7}},"21":{"start":{"line":22,"column":0},"end":{"line":22,"column":9}},"22":{"start":{"line":23,"column":0},"end":{"line":23,"column":8}},"23":{"start":{"line":24,"column":0},"end":{"line":24,"column":8}},"24":{"start":{"line":25,"column":0},"end":{"line":25,"column":10}},"25":{"start":{"line":26,"column":0},"end":{"line":26,"column":58}},"26":{"start":{"line":27,"column":0},"end":{"line":27,"column":23}},"27":{"start":{"line":28,"column":0},"end":{"line":28,"column":37}},"28":{"start":{"line":29,"column":0},"end":{"line":29,"column":29}},"29":{"start":{"line":30,"column":0},"end":{"line":30,"column":37}},"30":{"start":{"line":31,"column":0},"end":{"line":31,"column":21}},"31":{"start":{"line":32,"column":0},"end":{"line":32,"column":5}},"32":{"start":{"line":33,"column":0},"end":{"line":33,"column":2}},"33":{"start":{"line":34,"column":0},"end":{"line":34,"column":12}},"34":{"start":{"line":35,"column":0},"end":{"line":35,"column":44}},"35":{"start":{"line":36,"column":0},"end":{"line":36,"column":37}},"36":{"start":{"line":37,"column":0},"end":{"line":37,"column":42}},"37":{"start":{"line":38,"column":0},"end":{"line":38,"column":12}},"38":{"start":{"line":39,"column":0},"end":{"line":39,"column":28}},"39":{"start":{"line":40,"column":0},"end":{"line":40,"column":37}},"40":{"start":{"line":41,"column":0},"end":{"line":41,"column":43}},"41":{"start":{"line":42,"column":0},"end":{"line":42,"column":12}},"42":{"start":{"line":43,"column":0},"end":{"line":43,"column":28}},"43":{"start":{"line":44,"column":0},"end":{"line":44,"column":37}},"44":{"start":{"line":45,"column":0},"end":{"line":45,"column":50}},"45":{"start":{"line":46,"column":0},"end":{"line":46,"column":12}},"46":{"start":{"line":47,"column":0},"end":{"line":47,"column":28}},"47":{"start":{"line":48,"column":0},"end":{"line":48,"column":37}},"48":{"start":{"line":49,"column":0},"end":{"line":49,"column":46}},"49":{"start":{"line":50,"column":0},"end":{"line":50,"column":12}},"50":{"start":{"line":51,"column":0},"end":{"line":51,"column":28}},"51":{"start":{"line":52,"column":0},"end":{"line":52,"column":37}},"52":{"start":{"line":53,"column":0},"end":{"line":53,"column":50}},"53":{"start":{"line":54,"column":0},"end":{"line":54,"column":12}},"54":{"start":{"line":55,"column":0},"end":{"line":55,"column":46}},"55":{"start":{"line":56,"column":0},"end":{"line":56,"column":37}},"56":{"start":{"line":57,"column":0},"end":{"line":57,"column":51}},"57":{"start":{"line":58,"column":0},"end":{"line":58,"column":12}},"58":{"start":{"line":59,"column":0},"end":{"line":59,"column":46}},"59":{"start":{"line":60,"column":0},"end":{"line":60,"column":37}},"60":{"start":{"line":61,"column":0},"end":{"line":61,"column":42}},"61":{"start":{"line":62,"column":0},"end":{"line":62,"column":12}},"62":{"start":{"line":63,"column":0},"end":{"line":63,"column":46}},"63":{"start":{"line":64,"column":0},"end":{"line":64,"column":37}},"64":{"start":{"line":65,"column":0},"end":{"line":65,"column":44}},"65":{"start":{"line":66,"column":0},"end":{"line":66,"column":12}},"66":{"start":{"line":67,"column":0},"end":{"line":67,"column":46}},"67":{"start":{"line":68,"column":0},"end":{"line":68,"column":37}},"68":{"start":{"line":69,"column":0},"end":{"line":69,"column":43}},"69":{"start":{"line":70,"column":0},"end":{"line":70,"column":12}},"70":{"start":{"line":71,"column":0},"end":{"line":71,"column":46}},"71":{"start":{"line":72,"column":0},"end":{"line":72,"column":37}},"72":{"start":{"line":73,"column":0},"end":{"line":73,"column":43}},"73":{"start":{"line":74,"column":0},"end":{"line":74,"column":12}},"74":{"start":{"line":75,"column":0},"end":{"line":75,"column":46}},"75":{"start":{"line":76,"column":0},"end":{"line":76,"column":37}},"76":{"start":{"line":77,"column":0},"end":{"line":77,"column":45}},"77":{"start":{"line":78,"column":0},"end":{"line":78,"column":28}},"78":{"start":{"line":79,"column":0},"end":{"line":79,"column":28}},"79":{"start":{"line":80,"column":0},"end":{"line":80,"column":77}},"80":{"start":{"line":81,"column":0},"end":{"line":81,"column":18}},"81":{"start":{"line":82,"column":0},"end":{"line":82,"column":32}}},"s":{"0":1,"1":1,"2":24,"3":24,"4":0,"5":24,"6":24,"7":1,"8":24,"9":24,"10":1,"11":1,"12":1,"13":1,"14":2,"15":2,"16":2,"17":2,"18":2,"19":2,"20":2,"21":2,"22":2,"23":2,"24":2,"25":2,"26":2,"27":2,"28":2,"29":2,"30":2,"31":2,"32":2,"33":1,"34":1,"35":1,"36":1,"37":1,"38":1,"39":1,"40":1,"41":1,"42":1,"43":1,"44":1,"45":1,"46":1,"47":1,"48":1,"49":1,"50":1,"51":1,"52":1,"53":1,"54":1,"55":1,"56":1,"57":1,"58":1,"59":1,"60":1,"61":1,"62":1,"63":1,"64":1,"65":1,"66":1,"67":1,"68":1,"69":1,"70":1,"71":1,"72":1,"73":1,"74":1,"75":1,"76":1,"77":1,"78":1,"79":1,"80":1,"81":1},"branchMap":{"0":{"type":"branch","line":2,"loc":{"start":{"line":2,"column":46},"end":{"line":7,"column":2}},"locations":[{"start":{"line":2,"column":46},"end":{"line":7,"column":2}}]},"1":{"type":"branch","line":3,"loc":{"start":{"line":3,"column":39},"end":{"line":3,"column":48}},"locations":[{"start":{"line":3,"column":39},"end":{"line":3,"column":48}}]},"2":{"type":"branch","line":3,"loc":{"start":{"line":3,"column":48},"end":{"line":3,"column":125}},"locations":[{"start":{"line":3,"column":48},"end":{"line":3,"column":125}}]},"3":{"type":"branch","line":3,"loc":{"start":{"line":3,"column":64},"end":{"line":3,"column":118}},"locations":[{"start":{"line":3,"column":64},"end":{"line":3,"column":118}}]},"4":{"type":"branch","line":5,"loc":{"start":{"line":5,"column":-1},"end":{"line":5,"column":150}},"locations":[{"start":{"line":5,"column":-1},"end":{"line":5,"column":150}}]},"5":{"type":"branch","line":6,"loc":{"start":{"line":6,"column":16},"end":{"line":6,"column":21}},"locations":[{"start":{"line":6,"column":16},"end":{"line":6,"column":21}}]},"6":{"type":"branch","line":6,"loc":{"start":{"line":6,"column":21},"end":{"line":6,"column":62}},"locations":[{"start":{"line":6,"column":21},"end":{"line":6,"column":62}}]},"7":{"type":"branch","line":8,"loc":{"start":{"line":8,"column":46},"end":{"line":10,"column":2}},"locations":[{"start":{"line":8,"column":46},"end":{"line":10,"column":2}}]},"8":{"type":"branch","line":14,"loc":{"start":{"line":14,"column":20},"end":{"line":33,"column":2}},"locations":[{"start":{"line":14,"column":20},"end":{"line":33,"column":2}}]},"9":{"type":"branch","line":26,"loc":{"start":{"line":26,"column":4},"end":{"line":32,"column":5}},"locations":[{"start":{"line":26,"column":4},"end":{"line":32,"column":5}}]}},"b":{"0":[24],"1":[2],"2":[22],"3":[0],"4":[0],"5":[22],"6":[0],"7":[24],"8":[2],"9":[2]},"fnMap":{"0":{"name":"Object.<anonymous>.__decorate","decl":{"start":{"line":2,"column":46},"end":{"line":7,"column":2}},"loc":{"start":{"line":2,"column":46},"end":{"line":7,"column":2}},"line":2},"1":{"name":"Object.<anonymous>.__metadata","decl":{"start":{"line":8,"column":46},"end":{"line":10,"column":2}},"loc":{"start":{"line":8,"column":46},"end":{"line":10,"column":2}},"line":8},"2":{"name":"<instance_members_initializer>","decl":{"start":{"line":14,"column":20},"end":{"line":33,"column":2}},"loc":{"start":{"line":14,"column":20},"end":{"line":33,"column":2}},"line":14},"3":{"name":"AddressEntity","decl":{"start":{"line":26,"column":4},"end":{"line":32,"column":5}},"loc":{"start":{"line":26,"column":4},"end":{"line":32,"column":5}},"line":26}},"f":{"0":24,"1":24,"2":2,"3":2}}
,"D:\\___jobs_development\\4_personal\\servers\\ibhj_library\\dist\\src\\entities\\postgres\\author.entity.js": {"path":"D:\\___jobs_development\\4_personal\\servers\\ibhj_library\\dist\\src\\entities\\postgres\\author.entity.js","all":false,"statementMap":{"0":{"start":{"line":1,"column":0},"end":{"line":1,"column":13}},"1":{"start":{"line":2,"column":0},"end":{"line":2,"column":88}},"2":{"start":{"line":3,"column":0},"end":{"line":3,"column":129}},"3":{"start":{"line":4,"column":0},"end":{"line":4,"column":131}},"4":{"start":{"line":5,"column":0},"end":{"line":5,"column":150}},"5":{"start":{"line":6,"column":0},"end":{"line":6,"column":66}},"6":{"start":{"line":7,"column":0},"end":{"line":7,"column":2}},"7":{"start":{"line":8,"column":0},"end":{"line":8,"column":63}},"8":{"start":{"line":9,"column":0},"end":{"line":9,"column":109}},"9":{"start":{"line":10,"column":0},"end":{"line":10,"column":2}},"10":{"start":{"line":11,"column":0},"end":{"line":11,"column":62}},"11":{"start":{"line":12,"column":0},"end":{"line":12,"column":24}},"12":{"start":{"line":13,"column":0},"end":{"line":13,"column":37}},"13":{"start":{"line":14,"column":0},"end":{"line":14,"column":47}},"14":{"start":{"line":15,"column":0},"end":{"line":15,"column":53}},"15":{"start":{"line":16,"column":0},"end":{"line":16,"column":27}},"16":{"start":{"line":17,"column":0},"end":{"line":17,"column":7}},"17":{"start":{"line":18,"column":0},"end":{"line":18,"column":9}},"18":{"start":{"line":19,"column":0},"end":{"line":19,"column":10}},"19":{"start":{"line":20,"column":0},"end":{"line":20,"column":23}},"20":{"start":{"line":21,"column":0},"end":{"line":21,"column":25}},"21":{"start":{"line":22,"column":0},"end":{"line":22,"column":5}},"22":{"start":{"line":23,"column":0},"end":{"line":23,"column":2}},"23":{"start":{"line":24,"column":0},"end":{"line":24,"column":24}},"24":{"start":{"line":25,"column":0},"end":{"line":25,"column":12}},"25":{"start":{"line":26,"column":0},"end":{"line":26,"column":44}},"26":{"start":{"line":27,"column":0},"end":{"line":27,"column":37}},"27":{"start":{"line":28,"column":0},"end":{"line":28,"column":35}},"28":{"start":{"line":29,"column":0},"end":{"line":29,"column":12}},"29":{"start":{"line":30,"column":0},"end":{"line":30,"column":28}},"30":{"start":{"line":31,"column":0},"end":{"line":31,"column":40}},"31":{"start":{"line":32,"column":0},"end":{"line":32,"column":37}},"32":{"start":{"line":33,"column":0},"end":{"line":33,"column":37}},"33":{"start":{"line":34,"column":0},"end":{"line":34,"column":12}},"34":{"start":{"line":35,"column":0},"end":{"line":35,"column":76}},"35":{"start":{"line":36,"column":0},"end":{"line":36,"column":36}},"36":{"start":{"line":37,"column":0},"end":{"line":37,"column":38}},"37":{"start":{"line":38,"column":0},"end":{"line":38,"column":38}},"38":{"start":{"line":39,"column":0},"end":{"line":39,"column":28}},"39":{"start":{"line":40,"column":0},"end":{"line":40,"column":45}},"40":{"start":{"line":41,"column":0},"end":{"line":41,"column":11}}},"s":{"0":1,"1":1,"2":8,"3":8,"4":0,"5":8,"6":8,"7":1,"8":8,"9":8,"10":1,"11":1,"12":1,"13":1,"14":1,"15":1,"16":2,"17":2,"18":2,"19":2,"20":2,"21":2,"22":2,"23":1,"24":1,"25":1,"26":1,"27":1,"28":1,"29":1,"30":1,"31":1,"32":1,"33":1,"34":1,"35":1,"36":1,"37":1,"38":1,"39":1,"40":1},"branchMap":{"0":{"type":"branch","line":2,"loc":{"start":{"line":2,"column":46},"end":{"line":7,"column":2}},"locations":[{"start":{"line":2,"column":46},"end":{"line":7,"column":2}}]},"1":{"type":"branch","line":3,"loc":{"start":{"line":3,"column":39},"end":{"line":3,"column":48}},"locations":[{"start":{"line":3,"column":39},"end":{"line":3,"column":48}}]},"2":{"type":"branch","line":3,"loc":{"start":{"line":3,"column":48},"end":{"line":3,"column":125}},"locations":[{"start":{"line":3,"column":48},"end":{"line":3,"column":125}}]},"3":{"type":"branch","line":3,"loc":{"start":{"line":3,"column":64},"end":{"line":3,"column":118}},"locations":[{"start":{"line":3,"column":64},"end":{"line":3,"column":118}}]},"4":{"type":"branch","line":5,"loc":{"start":{"line":5,"column":-1},"end":{"line":5,"column":150}},"locations":[{"start":{"line":5,"column":-1},"end":{"line":5,"column":150}}]},"5":{"type":"branch","line":6,"loc":{"start":{"line":6,"column":16},"end":{"line":6,"column":21}},"locations":[{"start":{"line":6,"column":16},"end":{"line":6,"column":21}}]},"6":{"type":"branch","line":6,"loc":{"start":{"line":6,"column":21},"end":{"line":6,"column":62}},"locations":[{"start":{"line":6,"column":21},"end":{"line":6,"column":62}}]},"7":{"type":"branch","line":8,"loc":{"start":{"line":8,"column":46},"end":{"line":10,"column":2}},"locations":[{"start":{"line":8,"column":46},"end":{"line":10,"column":2}}]},"8":{"type":"branch","line":16,"loc":{"start":{"line":16,"column":13},"end":{"line":23,"column":2}},"locations":[{"start":{"line":16,"column":13},"end":{"line":23,"column":2}}]},"9":{"type":"branch","line":20,"loc":{"start":{"line":20,"column":4},"end":{"line":22,"column":5}},"locations":[{"start":{"line":20,"column":4},"end":{"line":22,"column":5}}]},"10":{"type":"branch","line":35,"loc":{"start":{"line":35,"column":29},"end":{"line":35,"column":53}},"locations":[{"start":{"line":35,"column":29},"end":{"line":35,"column":53}}]},"11":{"type":"branch","line":35,"loc":{"start":{"line":35,"column":55},"end":{"line":35,"column":74}},"locations":[{"start":{"line":35,"column":55},"end":{"line":35,"column":74}}]}},"b":{"0":[8],"1":[2],"2":[6],"3":[0],"4":[0],"5":[6],"6":[0],"7":[8],"8":[2],"9":[2],"10":[2],"11":[2]},"fnMap":{"0":{"name":"Object.<anonymous>.__decorate","decl":{"start":{"line":2,"column":46},"end":{"line":7,"column":2}},"loc":{"start":{"line":2,"column":46},"end":{"line":7,"column":2}},"line":2},"1":{"name":"Object.<anonymous>.__metadata","decl":{"start":{"line":8,"column":46},"end":{"line":10,"column":2}},"loc":{"start":{"line":8,"column":46},"end":{"line":10,"column":2}},"line":8},"2":{"name":"<instance_members_initializer>","decl":{"start":{"line":16,"column":13},"end":{"line":23,"column":2}},"loc":{"start":{"line":16,"column":13},"end":{"line":23,"column":2}},"line":16},"3":{"name":"Author","decl":{"start":{"line":20,"column":4},"end":{"line":22,"column":5}},"loc":{"start":{"line":20,"column":4},"end":{"line":22,"column":5}},"line":20}},"f":{"0":8,"1":8,"2":2,"3":2}}
,"D:\\___jobs_development\\4_personal\\servers\\ibhj_library\\dist\\src\\entities\\postgres\\book.entity.js": {"path":"D:\\___jobs_development\\4_personal\\servers\\ibhj_library\\dist\\src\\entities\\postgres\\book.entity.js","all":false,"statementMap":{"0":{"start":{"line":1,"column":0},"end":{"line":1,"column":13}},"1":{"start":{"line":2,"column":0},"end":{"line":2,"column":88}},"2":{"start":{"line":3,"column":0},"end":{"line":3,"column":129}},"3":{"start":{"line":4,"column":0},"end":{"line":4,"column":131}},"4":{"start":{"line":5,"column":0},"end":{"line":5,"column":150}},"5":{"start":{"line":6,"column":0},"end":{"line":6,"column":66}},"6":{"start":{"line":7,"column":0},"end":{"line":7,"column":2}},"7":{"start":{"line":8,"column":0},"end":{"line":8,"column":63}},"8":{"start":{"line":9,"column":0},"end":{"line":9,"column":109}},"9":{"start":{"line":10,"column":0},"end":{"line":10,"column":2}},"10":{"start":{"line":11,"column":0},"end":{"line":11,"column":62}},"11":{"start":{"line":12,"column":0},"end":{"line":12,"column":22}},"12":{"start":{"line":13,"column":0},"end":{"line":13,"column":37}},"13":{"start":{"line":14,"column":0},"end":{"line":14,"column":51}},"14":{"start":{"line":15,"column":0},"end":{"line":15,"column":57}},"15":{"start":{"line":16,"column":0},"end":{"line":16,"column":53}},"16":{"start":{"line":17,"column":0},"end":{"line":17,"column":23}},"17":{"start":{"line":18,"column":0},"end":{"line":18,"column":7}},"18":{"start":{"line":19,"column":0},"end":{"line":19,"column":10}},"19":{"start":{"line":20,"column":0},"end":{"line":20,"column":15}},"20":{"start":{"line":21,"column":0},"end":{"line":21,"column":11}},"21":{"start":{"line":22,"column":0},"end":{"line":22,"column":16}},"22":{"start":{"line":23,"column":0},"end":{"line":23,"column":14}},"23":{"start":{"line":24,"column":0},"end":{"line":24,"column":14}},"24":{"start":{"line":25,"column":0},"end":{"line":25,"column":15}},"25":{"start":{"line":26,"column":0},"end":{"line":26,"column":15}},"26":{"start":{"line":27,"column":0},"end":{"line":27,"column":72}},"27":{"start":{"line":28,"column":0},"end":{"line":28,"column":27}},"28":{"start":{"line":29,"column":0},"end":{"line":29,"column":37}},"29":{"start":{"line":30,"column":0},"end":{"line":30,"column":39}},"30":{"start":{"line":31,"column":0},"end":{"line":31,"column":35}},"31":{"start":{"line":32,"column":0},"end":{"line":32,"column":37}},"32":{"start":{"line":33,"column":0},"end":{"line":33,"column":5}},"33":{"start":{"line":34,"column":0},"end":{"line":34,"column":2}},"34":{"start":{"line":35,"column":0},"end":{"line":35,"column":20}},"35":{"start":{"line":36,"column":0},"end":{"line":36,"column":12}},"36":{"start":{"line":37,"column":0},"end":{"line":37,"column":44}},"37":{"start":{"line":38,"column":0},"end":{"line":38,"column":37}},"38":{"start":{"line":39,"column":0},"end":{"line":39,"column":33}},"39":{"start":{"line":40,"column":0},"end":{"line":40,"column":12}},"40":{"start":{"line":41,"column":0},"end":{"line":41,"column":28}},"41":{"start":{"line":42,"column":0},"end":{"line":42,"column":40}},"42":{"start":{"line":43,"column":0},"end":{"line":43,"column":37}},"43":{"start":{"line":44,"column":0},"end":{"line":44,"column":36}},"44":{"start":{"line":45,"column":0},"end":{"line":45,"column":12}},"45":{"start":{"line":46,"column":0},"end":{"line":46,"column":28}},"46":{"start":{"line":47,"column":0},"end":{"line":47,"column":37}},"47":{"start":{"line":48,"column":0},"end":{"line":48,"column":41}},"48":{"start":{"line":49,"column":0},"end":{"line":49,"column":12}},"49":{"start":{"line":50,"column":0},"end":{"line":50,"column":79}},"50":{"start":{"line":51,"column":0},"end":{"line":51,"column":53}},"51":{"start":{"line":52,"column":0},"end":{"line":52,"column":37}},"52":{"start":{"line":53,"column":0},"end":{"line":53,"column":12}},"53":{"start":{"line":54,"column":0},"end":{"line":54,"column":28}},"54":{"start":{"line":55,"column":0},"end":{"line":55,"column":37}},"55":{"start":{"line":56,"column":0},"end":{"line":56,"column":42}},"56":{"start":{"line":57,"column":0},"end":{"line":57,"column":12}},"57":{"start":{"line":58,"column":0},"end":{"line":58,"column":85}},"58":{"start":{"line":59,"column":0},"end":{"line":59,"column":59}},"59":{"start":{"line":60,"column":0},"end":{"line":60,"column":40}},"60":{"start":{"line":61,"column":0},"end":{"line":61,"column":12}},"61":{"start":{"line":62,"column":0},"end":{"line":62,"column":45}},"62":{"start":{"line":63,"column":0},"end":{"line":63,"column":38}},"63":{"start":{"line":64,"column":0},"end":{"line":64,"column":40}},"64":{"start":{"line":65,"column":0},"end":{"line":65,"column":12}},"65":{"start":{"line":66,"column":0},"end":{"line":66,"column":42}},"66":{"start":{"line":67,"column":0},"end":{"line":67,"column":37}},"67":{"start":{"line":68,"column":0},"end":{"line":68,"column":41}},"68":{"start":{"line":69,"column":0},"end":{"line":69,"column":12}},"69":{"start":{"line":70,"column":0},"end":{"line":70,"column":77}},"70":{"start":{"line":71,"column":0},"end":{"line":71,"column":37}},"71":{"start":{"line":72,"column":0},"end":{"line":72,"column":41}},"72":{"start":{"line":73,"column":0},"end":{"line":73,"column":34}},"73":{"start":{"line":74,"column":0},"end":{"line":74,"column":28}},"74":{"start":{"line":75,"column":0},"end":{"line":75,"column":78}},"75":{"start":{"line":76,"column":0},"end":{"line":76,"column":9}}},"s":{"0":1,"1":1,"2":20,"3":20,"4":0,"5":20,"6":20,"7":1,"8":20,"9":20,"10":1,"11":1,"12":1,"13":1,"14":1,"15":1,"16":1,"17":2,"18":2,"19":2,"20":2,"21":2,"22":2,"23":2,"24":2,"25":2,"26":2,"27":2,"28":2,"29":2,"30":2,"31":2,"32":2,"33":2,"34":1,"35":1,"36":1,"37":1,"38":1,"39":1,"40":1,"41":1,"42":1,"43":1,"44":1,"45":1,"46":1,"47":1,"48":1,"49":1,"50":1,"51":1,"52":1,"53":1,"54":1,"55":1,"56":1,"57":1,"58":1,"59":1,"60":1,"61":1,"62":1,"63":1,"64":1,"65":1,"66":1,"67":1,"68":1,"69":1,"70":1,"71":1,"72":1,"73":1,"74":1,"75":1},"branchMap":{"0":{"type":"branch","line":2,"loc":{"start":{"line":2,"column":46},"end":{"line":7,"column":2}},"locations":[{"start":{"line":2,"column":46},"end":{"line":7,"column":2}}]},"1":{"type":"branch","line":3,"loc":{"start":{"line":3,"column":39},"end":{"line":3,"column":48}},"locations":[{"start":{"line":3,"column":39},"end":{"line":3,"column":48}}]},"2":{"type":"branch","line":3,"loc":{"start":{"line":3,"column":48},"end":{"line":3,"column":125}},"locations":[{"start":{"line":3,"column":48},"end":{"line":3,"column":125}}]},"3":{"type":"branch","line":3,"loc":{"start":{"line":3,"column":64},"end":{"line":3,"column":118}},"locations":[{"start":{"line":3,"column":64},"end":{"line":3,"column":118}}]},"4":{"type":"branch","line":5,"loc":{"start":{"line":5,"column":-1},"end":{"line":5,"column":150}},"locations":[{"start":{"line":5,"column":-1},"end":{"line":5,"column":150}}]},"5":{"type":"branch","line":6,"loc":{"start":{"line":6,"column":16},"end":{"line":6,"column":21}},"locations":[{"start":{"line":6,"column":16},"end":{"line":6,"column":21}}]},"6":{"type":"branch","line":6,"loc":{"start":{"line":6,"column":21},"end":{"line":6,"column":62}},"locations":[{"start":{"line":6,"column":21},"end":{"line":6,"column":62}}]},"7":{"type":"branch","line":8,"loc":{"start":{"line":8,"column":46},"end":{"line":10,"column":2}},"locations":[{"start":{"line":8,"column":46},"end":{"line":10,"column":2}}]},"8":{"type":"branch","line":17,"loc":{"start":{"line":17,"column":11},"end":{"line":34,"column":2}},"locations":[{"start":{"line":17,"column":11},"end":{"line":34,"column":2}}]},"9":{"type":"branch","line":27,"loc":{"start":{"line":27,"column":4},"end":{"line":33,"column":5}},"locations":[{"start":{"line":27,"column":4},"end":{"line":33,"column":5}}]},"10":{"type":"branch","line":50,"loc":{"start":{"line":50,"column":29},"end":{"line":50,"column":57}},"locations":[{"start":{"line":50,"column":29},"end":{"line":50,"column":57}}]},"11":{"type":"branch","line":58,"loc":{"start":{"line":58,"column":29},"end":{"line":58,"column":63}},"locations":[{"start":{"line":58,"column":29},"end":{"line":58,"column":63}}]}},"b":{"0":[20],"1":[2],"2":[18],"3":[0],"4":[0],"5":[18],"6":[0],"7":[20],"8":[2],"9":[2],"10":[2],"11":[2]},"fnMap":{"0":{"name":"Object.<anonymous>.__decorate","decl":{"start":{"line":2,"column":46},"end":{"line":7,"column":2}},"loc":{"start":{"line":2,"column":46},"end":{"line":7,"column":2}},"line":2},"1":{"name":"Object.<anonymous>.__metadata","decl":{"start":{"line":8,"column":46},"end":{"line":10,"column":2}},"loc":{"start":{"line":8,"column":46},"end":{"line":10,"column":2}},"line":8},"2":{"name":"<instance_members_initializer>","decl":{"start":{"line":17,"column":11},"end":{"line":34,"column":2}},"loc":{"start":{"line":17,"column":11},"end":{"line":34,"column":2}},"line":17},"3":{"name":"Book","decl":{"start":{"line":27,"column":4},"end":{"line":33,"column":5}},"loc":{"start":{"line":27,"column":4},"end":{"line":33,"column":5}},"line":27},"4":{"name":"Object.<anonymous>.__decorate.nullable","decl":{"start":{"line":50,"column":29},"end":{"line":50,"column":57}},"loc":{"start":{"line":50,"column":29},"end":{"line":50,"column":57}},"line":50},"5":{"name":"Object.<anonymous>.__decorate.nullable","decl":{"start":{"line":58,"column":29},"end":{"line":58,"column":63}},"loc":{"start":{"line":58,"column":29},"end":{"line":58,"column":63}},"line":58}},"f":{"0":20,"1":20,"2":2,"3":2,"4":2,"5":2}}
,"D:\\___jobs_development\\4_personal\\servers\\ibhj_library\\dist\\src\\entities\\postgres\\permissions.entity.js": {"path":"D:\\___jobs_development\\4_personal\\servers\\ibhj_library\\dist\\src\\entities\\postgres\\permissions.entity.js","all":false,"statementMap":{"0":{"start":{"line":1,"column":0},"end":{"line":1,"column":13}},"1":{"start":{"line":2,"column":0},"end":{"line":2,"column":88}},"2":{"start":{"line":3,"column":0},"end":{"line":3,"column":129}},"3":{"start":{"line":4,"column":0},"end":{"line":4,"column":131}},"4":{"start":{"line":5,"column":0},"end":{"line":5,"column":150}},"5":{"start":{"line":6,"column":0},"end":{"line":6,"column":66}},"6":{"start":{"line":7,"column":0},"end":{"line":7,"column":2}},"7":{"start":{"line":8,"column":0},"end":{"line":8,"column":63}},"8":{"start":{"line":9,"column":0},"end":{"line":9,"column":109}},"9":{"start":{"line":10,"column":0},"end":{"line":10,"column":2}},"10":{"start":{"line":11,"column":0},"end":{"line":11,"column":62}},"11":{"start":{"line":12,"column":0},"end":{"line":12,"column":29}},"12":{"start":{"line":13,"column":0},"end":{"line":13,"column":37}},"13":{"start":{"line":14,"column":0},"end":{"line":14,"column":53}},"14":{"start":{"line":15,"column":0},"end":{"line":15,"column":49}},"15":{"start":{"line":16,"column":0},"end":{"line":16,"column":37}},"16":{"start":{"line":17,"column":0},"end":{"line":17,"column":7}},"17":{"start":{"line":18,"column":0},"end":{"line":18,"column":9}},"18":{"start":{"line":19,"column":0},"end":{"line":19,"column":9}},"19":{"start":{"line":20,"column":0},"end":{"line":20,"column":23}},"20":{"start":{"line":21,"column":0},"end":{"line":21,"column":25}},"21":{"start":{"line":22,"column":0},"end":{"line":22,"column":5}},"22":{"start":{"line":23,"column":0},"end":{"line":23,"column":2}},"23":{"start":{"line":24,"column":0},"end":{"line":24,"column":34}},"24":{"start":{"line":25,"column":0},"end":{"line":25,"column":12}},"25":{"start":{"line":26,"column":0},"end":{"line":26,"column":44}},"26":{"start":{"line":27,"column":0},"end":{"line":27,"column":37}},"27":{"start":{"line":28,"column":0},"end":{"line":28,"column":40}},"28":{"start":{"line":29,"column":0},"end":{"line":29,"column":12}},"29":{"start":{"line":30,"column":0},"end":{"line":30,"column":28}},"30":{"start":{"line":31,"column":0},"end":{"line":31,"column":40}},"31":{"start":{"line":32,"column":0},"end":{"line":32,"column":37}},"32":{"start":{"line":33,"column":0},"end":{"line":33,"column":42}},"33":{"start":{"line":34,"column":0},"end":{"line":34,"column":12}},"34":{"start":{"line":35,"column":0},"end":{"line":35,"column":82}},"35":{"start":{"line":36,"column":0},"end":{"line":36,"column":50}},"36":{"start":{"line":37,"column":0},"end":{"line":37,"column":42}},"37":{"start":{"line":38,"column":0},"end":{"line":38,"column":48}},"38":{"start":{"line":39,"column":0},"end":{"line":39,"column":28}},"39":{"start":{"line":40,"column":0},"end":{"line":40,"column":45}},"40":{"start":{"line":41,"column":0},"end":{"line":41,"column":16}}},"s":{"0":1,"1":1,"2":8,"3":8,"4":0,"5":8,"6":8,"7":1,"8":8,"9":8,"10":1,"11":1,"12":1,"13":1,"14":1,"15":1,"16":8,"17":8,"18":8,"19":8,"20":8,"21":8,"22":8,"23":1,"24":1,"25":1,"26":1,"27":1,"28":1,"29":1,"30":1,"31":1,"32":1,"33":1,"34":1,"35":1,"36":1,"37":1,"38":1,"39":1,"40":1},"branchMap":{"0":{"type":"branch","line":2,"loc":{"start":{"line":2,"column":46},"end":{"line":7,"column":2}},"locations":[{"start":{"line":2,"column":46},"end":{"line":7,"column":2}}]},"1":{"type":"branch","line":3,"loc":{"start":{"line":3,"column":39},"end":{"line":3,"column":48}},"locations":[{"start":{"line":3,"column":39},"end":{"line":3,"column":48}}]},"2":{"type":"branch","line":3,"loc":{"start":{"line":3,"column":48},"end":{"line":3,"column":125}},"locations":[{"start":{"line":3,"column":48},"end":{"line":3,"column":125}}]},"3":{"type":"branch","line":3,"loc":{"start":{"line":3,"column":64},"end":{"line":3,"column":118}},"locations":[{"start":{"line":3,"column":64},"end":{"line":3,"column":118}}]},"4":{"type":"branch","line":5,"loc":{"start":{"line":5,"column":-1},"end":{"line":5,"column":150}},"locations":[{"start":{"line":5,"column":-1},"end":{"line":5,"column":150}}]},"5":{"type":"branch","line":6,"loc":{"start":{"line":6,"column":16},"end":{"line":6,"column":21}},"locations":[{"start":{"line":6,"column":16},"end":{"line":6,"column":21}}]},"6":{"type":"branch","line":6,"loc":{"start":{"line":6,"column":21},"end":{"line":6,"column":62}},"locations":[{"start":{"line":6,"column":21},"end":{"line":6,"column":62}}]},"7":{"type":"branch","line":8,"loc":{"start":{"line":8,"column":46},"end":{"line":10,"column":2}},"locations":[{"start":{"line":8,"column":46},"end":{"line":10,"column":2}}]},"8":{"type":"branch","line":16,"loc":{"start":{"line":16,"column":18},"end":{"line":23,"column":2}},"locations":[{"start":{"line":16,"column":18},"end":{"line":23,"column":2}}]},"9":{"type":"branch","line":20,"loc":{"start":{"line":20,"column":4},"end":{"line":22,"column":5}},"locations":[{"start":{"line":20,"column":4},"end":{"line":22,"column":5}}]},"10":{"type":"branch","line":35,"loc":{"start":{"line":35,"column":29},"end":{"line":35,"column":54}},"locations":[{"start":{"line":35,"column":29},"end":{"line":35,"column":54}}]},"11":{"type":"branch","line":35,"loc":{"start":{"line":35,"column":56},"end":{"line":35,"column":80}},"locations":[{"start":{"line":35,"column":56},"end":{"line":35,"column":80}}]}},"b":{"0":[8],"1":[2],"2":[6],"3":[0],"4":[0],"5":[6],"6":[0],"7":[8],"8":[8],"9":[8],"10":[2],"11":[2]},"fnMap":{"0":{"name":"Object.<anonymous>.__decorate","decl":{"start":{"line":2,"column":46},"end":{"line":7,"column":2}},"loc":{"start":{"line":2,"column":46},"end":{"line":7,"column":2}},"line":2},"1":{"name":"Object.<anonymous>.__metadata","decl":{"start":{"line":8,"column":46},"end":{"line":10,"column":2}},"loc":{"start":{"line":8,"column":46},"end":{"line":10,"column":2}},"line":8},"2":{"name":"<instance_members_initializer>","decl":{"start":{"line":16,"column":18},"end":{"line":23,"column":2}},"loc":{"start":{"line":16,"column":18},"end":{"line":23,"column":2}},"line":16},"3":{"name":"Permissions","decl":{"start":{"line":20,"column":4},"end":{"line":22,"column":5}},"loc":{"start":{"line":20,"column":4},"end":{"line":22,"column":5}},"line":20}},"f":{"0":8,"1":8,"2":8,"3":8}}
,"D:\\___jobs_development\\4_personal\\servers\\ibhj_library\\dist\\src\\entities\\postgres\\publisher.entity.js": {"path":"D:\\___jobs_development\\4_personal\\servers\\ibhj_library\\dist\\src\\entities\\postgres\\publisher.entity.js","all":false,"statementMap":{"0":{"start":{"line":1,"column":0},"end":{"line":1,"column":13}},"1":{"start":{"line":2,"column":0},"end":{"line":2,"column":88}},"2":{"start":{"line":3,"column":0},"end":{"line":3,"column":129}},"3":{"start":{"line":4,"column":0},"end":{"line":4,"column":131}},"4":{"start":{"line":5,"column":0},"end":{"line":5,"column":150}},"5":{"start":{"line":6,"column":0},"end":{"line":6,"column":66}},"6":{"start":{"line":7,"column":0},"end":{"line":7,"column":2}},"7":{"start":{"line":8,"column":0},"end":{"line":8,"column":63}},"8":{"start":{"line":9,"column":0},"end":{"line":9,"column":109}},"9":{"start":{"line":10,"column":0},"end":{"line":10,"column":2}},"10":{"start":{"line":11,"column":0},"end":{"line":11,"column":62}},"11":{"start":{"line":12,"column":0},"end":{"line":12,"column":27}},"12":{"start":{"line":13,"column":0},"end":{"line":13,"column":37}},"13":{"start":{"line":14,"column":0},"end":{"line":14,"column":47}},"14":{"start":{"line":15,"column":0},"end":{"line":15,"column":53}},"15":{"start":{"line":16,"column":0},"end":{"line":16,"column":33}},"16":{"start":{"line":17,"column":0},"end":{"line":17,"column":7}},"17":{"start":{"line":18,"column":0},"end":{"line":18,"column":9}},"18":{"start":{"line":19,"column":0},"end":{"line":19,"column":10}},"19":{"start":{"line":20,"column":0},"end":{"line":20,"column":23}},"20":{"start":{"line":21,"column":0},"end":{"line":21,"column":25}},"21":{"start":{"line":22,"column":0},"end":{"line":22,"column":5}},"22":{"start":{"line":23,"column":0},"end":{"line":23,"column":2}},"23":{"start":{"line":24,"column":0},"end":{"line":24,"column":30}},"24":{"start":{"line":25,"column":0},"end":{"line":25,"column":12}},"25":{"start":{"line":26,"column":0},"end":{"line":26,"column":44}},"26":{"start":{"line":27,"column":0},"end":{"line":27,"column":37}},"27":{"start":{"line":28,"column":0},"end":{"line":28,"column":38}},"28":{"start":{"line":29,"column":0},"end":{"line":29,"column":12}},"29":{"start":{"line":30,"column":0},"end":{"line":30,"column":28}},"30":{"start":{"line":31,"column":0},"end":{"line":31,"column":40}},"31":{"start":{"line":32,"column":0},"end":{"line":32,"column":37}},"32":{"start":{"line":33,"column":0},"end":{"line":33,"column":40}},"33":{"start":{"line":34,"column":0},"end":{"line":34,"column":12}},"34":{"start":{"line":35,"column":0},"end":{"line":35,"column":79}},"35":{"start":{"line":36,"column":0},"end":{"line":36,"column":36}},"36":{"start":{"line":37,"column":0},"end":{"line":37,"column":41}},"37":{"start":{"line":38,"column":0},"end":{"line":38,"column":44}},"38":{"start":{"line":39,"column":0},"end":{"line":39,"column":28}},"39":{"start":{"line":40,"column":0},"end":{"line":40,"column":45}},"40":{"start":{"line":41,"column":0},"end":{"line":41,"column":14}}},"s":{"0":1,"1":1,"2":8,"3":8,"4":0,"5":8,"6":8,"7":1,"8":8,"9":8,"10":1,"11":1,"12":1,"13":1,"14":1,"15":1,"16":2,"17":2,"18":2,"19":2,"20":2,"21":2,"22":2,"23":1,"24":1,"25":1,"26":1,"27":1,"28":1,"29":1,"30":1,"31":1,"32":1,"33":1,"34":1,"35":1,"36":1,"37":1,"38":1,"39":1,"40":1},"branchMap":{"0":{"type":"branch","line":2,"loc":{"start":{"line":2,"column":46},"end":{"line":7,"column":2}},"locations":[{"start":{"line":2,"column":46},"end":{"line":7,"column":2}}]},"1":{"type":"branch","line":3,"loc":{"start":{"line":3,"column":39},"end":{"line":3,"column":48}},"locations":[{"start":{"line":3,"column":39},"end":{"line":3,"column":48}}]},"2":{"type":"branch","line":3,"loc":{"start":{"line":3,"column":48},"end":{"line":3,"column":125}},"locations":[{"start":{"line":3,"column":48},"end":{"line":3,"column":125}}]},"3":{"type":"branch","line":3,"loc":{"start":{"line":3,"column":64},"end":{"line":3,"column":118}},"locations":[{"start":{"line":3,"column":64},"end":{"line":3,"column":118}}]},"4":{"type":"branch","line":5,"loc":{"start":{"line":5,"column":-1},"end":{"line":5,"column":150}},"locations":[{"start":{"line":5,"column":-1},"end":{"line":5,"column":150}}]},"5":{"type":"branch","line":6,"loc":{"start":{"line":6,"column":16},"end":{"line":6,"column":21}},"locations":[{"start":{"line":6,"column":16},"end":{"line":6,"column":21}}]},"6":{"type":"branch","line":6,"loc":{"start":{"line":6,"column":21},"end":{"line":6,"column":62}},"locations":[{"start":{"line":6,"column":21},"end":{"line":6,"column":62}}]},"7":{"type":"branch","line":8,"loc":{"start":{"line":8,"column":46},"end":{"line":10,"column":2}},"locations":[{"start":{"line":8,"column":46},"end":{"line":10,"column":2}}]},"8":{"type":"branch","line":16,"loc":{"start":{"line":16,"column":16},"end":{"line":23,"column":2}},"locations":[{"start":{"line":16,"column":16},"end":{"line":23,"column":2}}]},"9":{"type":"branch","line":20,"loc":{"start":{"line":20,"column":4},"end":{"line":22,"column":5}},"locations":[{"start":{"line":20,"column":4},"end":{"line":22,"column":5}}]},"10":{"type":"branch","line":35,"loc":{"start":{"line":35,"column":29},"end":{"line":35,"column":53}},"locations":[{"start":{"line":35,"column":29},"end":{"line":35,"column":53}}]},"11":{"type":"branch","line":35,"loc":{"start":{"line":35,"column":55},"end":{"line":35,"column":77}},"locations":[{"start":{"line":35,"column":55},"end":{"line":35,"column":77}}]}},"b":{"0":[8],"1":[2],"2":[6],"3":[0],"4":[0],"5":[6],"6":[0],"7":[8],"8":[2],"9":[2],"10":[2],"11":[2]},"fnMap":{"0":{"name":"Object.<anonymous>.__decorate","decl":{"start":{"line":2,"column":46},"end":{"line":7,"column":2}},"loc":{"start":{"line":2,"column":46},"end":{"line":7,"column":2}},"line":2},"1":{"name":"Object.<anonymous>.__metadata","decl":{"start":{"line":8,"column":46},"end":{"line":10,"column":2}},"loc":{"start":{"line":8,"column":46},"end":{"line":10,"column":2}},"line":8},"2":{"name":"<instance_members_initializer>","decl":{"start":{"line":16,"column":16},"end":{"line":23,"column":2}},"loc":{"start":{"line":16,"column":16},"end":{"line":23,"column":2}},"line":16},"3":{"name":"Publisher","decl":{"start":{"line":20,"column":4},"end":{"line":22,"column":5}},"loc":{"start":{"line":20,"column":4},"end":{"line":22,"column":5}},"line":20}},"f":{"0":8,"1":8,"2":2,"3":2}}
,"D:\\___jobs_development\\4_personal\\servers\\ibhj_library\\dist\\src\\entities\\postgres\\roles.entity.js": {"path":"D:\\___jobs_development\\4_personal\\servers\\ibhj_library\\dist\\src\\entities\\postgres\\roles.entity.js","all":false,"statementMap":{"0":{"start":{"line":1,"column":0},"end":{"line":1,"column":13}},"1":{"start":{"line":2,"column":0},"end":{"line":2,"column":88}},"2":{"start":{"line":3,"column":0},"end":{"line":3,"column":129}},"3":{"start":{"line":4,"column":0},"end":{"line":4,"column":131}},"4":{"start":{"line":5,"column":0},"end":{"line":5,"column":150}},"5":{"start":{"line":6,"column":0},"end":{"line":6,"column":66}},"6":{"start":{"line":7,"column":0},"end":{"line":7,"column":2}},"7":{"start":{"line":8,"column":0},"end":{"line":8,"column":63}},"8":{"start":{"line":9,"column":0},"end":{"line":9,"column":109}},"9":{"start":{"line":10,"column":0},"end":{"line":10,"column":2}},"10":{"start":{"line":11,"column":0},"end":{"line":11,"column":62}},"11":{"start":{"line":12,"column":0},"end":{"line":12,"column":22}},"12":{"start":{"line":13,"column":0},"end":{"line":13,"column":37}},"13":{"start":{"line":14,"column":0},"end":{"line":14,"column":53}},"14":{"start":{"line":15,"column":0},"end":{"line":15,"column":61}},"15":{"start":{"line":16,"column":0},"end":{"line":16,"column":47}},"16":{"start":{"line":17,"column":0},"end":{"line":17,"column":23}},"17":{"start":{"line":18,"column":0},"end":{"line":18,"column":7}},"18":{"start":{"line":19,"column":0},"end":{"line":19,"column":9}},"19":{"start":{"line":20,"column":0},"end":{"line":20,"column":16}},"20":{"start":{"line":21,"column":0},"end":{"line":21,"column":10}},"21":{"start":{"line":22,"column":0},"end":{"line":22,"column":23}},"22":{"start":{"line":23,"column":0},"end":{"line":23,"column":25}},"23":{"start":{"line":24,"column":0},"end":{"line":24,"column":5}},"24":{"start":{"line":25,"column":0},"end":{"line":25,"column":2}},"25":{"start":{"line":26,"column":0},"end":{"line":26,"column":20}},"26":{"start":{"line":27,"column":0},"end":{"line":27,"column":12}},"27":{"start":{"line":28,"column":0},"end":{"line":28,"column":44}},"28":{"start":{"line":29,"column":0},"end":{"line":29,"column":37}},"29":{"start":{"line":30,"column":0},"end":{"line":30,"column":33}},"30":{"start":{"line":31,"column":0},"end":{"line":31,"column":12}},"31":{"start":{"line":32,"column":0},"end":{"line":32,"column":28}},"32":{"start":{"line":33,"column":0},"end":{"line":33,"column":40}},"33":{"start":{"line":34,"column":0},"end":{"line":34,"column":37}},"34":{"start":{"line":35,"column":0},"end":{"line":35,"column":35}},"35":{"start":{"line":36,"column":0},"end":{"line":36,"column":12}},"36":{"start":{"line":37,"column":0},"end":{"line":37,"column":100}},"37":{"start":{"line":38,"column":0},"end":{"line":38,"column":36}},"38":{"start":{"line":39,"column":0},"end":{"line":39,"column":42}},"39":{"start":{"line":40,"column":0},"end":{"line":40,"column":12}},"40":{"start":{"line":41,"column":0},"end":{"line":41,"column":80}},"41":{"start":{"line":42,"column":0},"end":{"line":42,"column":36}},"42":{"start":{"line":43,"column":0},"end":{"line":43,"column":36}},"43":{"start":{"line":44,"column":0},"end":{"line":44,"column":34}},"44":{"start":{"line":45,"column":0},"end":{"line":45,"column":28}},"45":{"start":{"line":46,"column":0},"end":{"line":46,"column":45}},"46":{"start":{"line":47,"column":0},"end":{"line":47,"column":9}}},"s":{"0":1,"1":1,"2":10,"3":10,"4":0,"5":10,"6":10,"7":1,"8":10,"9":10,"10":1,"11":1,"12":1,"13":1,"14":1,"15":1,"16":1,"17":8,"18":8,"19":8,"20":8,"21":8,"22":8,"23":8,"24":8,"25":1,"26":1,"27":1,"28":1,"29":1,"30":1,"31":1,"32":1,"33":1,"34":1,"35":1,"36":1,"37":1,"38":1,"39":1,"40":1,"41":1,"42":1,"43":1,"44":1,"45":1,"46":1},"branchMap":{"0":{"type":"branch","line":2,"loc":{"start":{"line":2,"column":46},"end":{"line":7,"column":2}},"locations":[{"start":{"line":2,"column":46},"end":{"line":7,"column":2}}]},"1":{"type":"branch","line":3,"loc":{"start":{"line":3,"column":39},"end":{"line":3,"column":48}},"locations":[{"start":{"line":3,"column":39},"end":{"line":3,"column":48}}]},"2":{"type":"branch","line":3,"loc":{"start":{"line":3,"column":48},"end":{"line":3,"column":125}},"locations":[{"start":{"line":3,"column":48},"end":{"line":3,"column":125}}]},"3":{"type":"branch","line":3,"loc":{"start":{"line":3,"column":64},"end":{"line":3,"column":118}},"locations":[{"start":{"line":3,"column":64},"end":{"line":3,"column":118}}]},"4":{"type":"branch","line":5,"loc":{"start":{"line":5,"column":-1},"end":{"line":5,"column":150}},"locations":[{"start":{"line":5,"column":-1},"end":{"line":5,"column":150}}]},"5":{"type":"branch","line":6,"loc":{"start":{"line":6,"column":16},"end":{"line":6,"column":21}},"locations":[{"start":{"line":6,"column":16},"end":{"line":6,"column":21}}]},"6":{"type":"branch","line":6,"loc":{"start":{"line":6,"column":21},"end":{"line":6,"column":62}},"locations":[{"start":{"line":6,"column":21},"end":{"line":6,"column":62}}]},"7":{"type":"branch","line":8,"loc":{"start":{"line":8,"column":46},"end":{"line":10,"column":2}},"locations":[{"start":{"line":8,"column":46},"end":{"line":10,"column":2}}]},"8":{"type":"branch","line":17,"loc":{"start":{"line":17,"column":11},"end":{"line":25,"column":2}},"locations":[{"start":{"line":17,"column":11},"end":{"line":25,"column":2}}]},"9":{"type":"branch","line":22,"loc":{"start":{"line":22,"column":4},"end":{"line":24,"column":5}},"locations":[{"start":{"line":22,"column":4},"end":{"line":24,"column":5}}]},"10":{"type":"branch","line":37,"loc":{"start":{"line":37,"column":29},"end":{"line":37,"column":67}},"locations":[{"start":{"line":37,"column":29},"end":{"line":37,"column":67}}]},"11":{"type":"branch","line":37,"loc":{"start":{"line":37,"column":69},"end":{"line":37,"column":98}},"locations":[{"start":{"line":37,"column":69},"end":{"line":37,"column":98}}]},"12":{"type":"branch","line":41,"loc":{"start":{"line":41,"column":29},"end":{"line":41,"column":59}},"locations":[{"start":{"line":41,"column":29},"end":{"line":41,"column":59}}]},"13":{"type":"branch","line":41,"loc":{"start":{"line":41,"column":61},"end":{"line":41,"column":78}},"locations":[{"start":{"line":41,"column":61},"end":{"line":41,"column":78}}]}},"b":{"0":[10],"1":[2],"2":[8],"3":[0],"4":[0],"5":[8],"6":[0],"7":[10],"8":[8],"9":[8],"10":[2],"11":[2],"12":[2],"13":[2]},"fnMap":{"0":{"name":"Object.<anonymous>.__decorate","decl":{"start":{"line":2,"column":46},"end":{"line":7,"column":2}},"loc":{"start":{"line":2,"column":46},"end":{"line":7,"column":2}},"line":2},"1":{"name":"Object.<anonymous>.__metadata","decl":{"start":{"line":8,"column":46},"end":{"line":10,"column":2}},"loc":{"start":{"line":8,"column":46},"end":{"line":10,"column":2}},"line":8},"2":{"name":"<instance_members_initializer>","decl":{"start":{"line":17,"column":11},"end":{"line":25,"column":2}},"loc":{"start":{"line":17,"column":11},"end":{"line":25,"column":2}},"line":17},"3":{"name":"Role","decl":{"start":{"line":22,"column":4},"end":{"line":24,"column":5}},"loc":{"start":{"line":22,"column":4},"end":{"line":24,"column":5}},"line":22}},"f":{"0":10,"1":10,"2":8,"3":8}}
,"D:\\___jobs_development\\4_personal\\servers\\ibhj_library\\dist\\src\\entities\\postgres\\user.entity.js": {"path":"D:\\___jobs_development\\4_personal\\servers\\ibhj_library\\dist\\src\\entities\\postgres\\user.entity.js","all":false,"statementMap":{"0":{"start":{"line":1,"column":0},"end":{"line":1,"column":13}},"1":{"start":{"line":2,"column":0},"end":{"line":2,"column":88}},"2":{"start":{"line":3,"column":0},"end":{"line":3,"column":129}},"3":{"start":{"line":4,"column":0},"end":{"line":4,"column":131}},"4":{"start":{"line":5,"column":0},"end":{"line":5,"column":150}},"5":{"start":{"line":6,"column":0},"end":{"line":6,"column":66}},"6":{"start":{"line":7,"column":0},"end":{"line":7,"column":2}},"7":{"start":{"line":8,"column":0},"end":{"line":8,"column":63}},"8":{"start":{"line":9,"column":0},"end":{"line":9,"column":109}},"9":{"start":{"line":10,"column":0},"end":{"line":10,"column":2}},"10":{"start":{"line":11,"column":0},"end":{"line":11,"column":72}},"11":{"start":{"line":12,"column":0},"end":{"line":12,"column":62}},"12":{"start":{"line":13,"column":0},"end":{"line":13,"column":2}},"13":{"start":{"line":14,"column":0},"end":{"line":14,"column":62}},"14":{"start":{"line":15,"column":0},"end":{"line":15,"column":28}},"15":{"start":{"line":16,"column":0},"end":{"line":16,"column":37}},"16":{"start":{"line":17,"column":0},"end":{"line":17,"column":53}},"17":{"start":{"line":18,"column":0},"end":{"line":18,"column":70}},"18":{"start":{"line":19,"column":0},"end":{"line":19,"column":49}},"19":{"start":{"line":20,"column":0},"end":{"line":20,"column":35}},"20":{"start":{"line":21,"column":0},"end":{"line":21,"column":7}},"21":{"start":{"line":22,"column":0},"end":{"line":22,"column":13}},"22":{"start":{"line":23,"column":0},"end":{"line":23,"column":10}},"23":{"start":{"line":24,"column":0},"end":{"line":24,"column":18}},"24":{"start":{"line":25,"column":0},"end":{"line":25,"column":10}},"25":{"start":{"line":26,"column":0},"end":{"line":26,"column":10}},"26":{"start":{"line":27,"column":0},"end":{"line":27,"column":15}},"27":{"start":{"line":28,"column":0},"end":{"line":28,"column":65}},"28":{"start":{"line":29,"column":0},"end":{"line":29,"column":12}},"29":{"start":{"line":30,"column":0},"end":{"line":30,"column":63}},"30":{"start":{"line":31,"column":0},"end":{"line":31,"column":27}},"31":{"start":{"line":32,"column":0},"end":{"line":32,"column":27}},"32":{"start":{"line":33,"column":0},"end":{"line":33,"column":33}},"33":{"start":{"line":34,"column":0},"end":{"line":34,"column":43}},"34":{"start":{"line":35,"column":0},"end":{"line":35,"column":27}},"35":{"start":{"line":36,"column":0},"end":{"line":36,"column":5}},"36":{"start":{"line":37,"column":0},"end":{"line":37,"column":2}},"37":{"start":{"line":38,"column":0},"end":{"line":38,"column":32}},"38":{"start":{"line":39,"column":0},"end":{"line":39,"column":12}},"39":{"start":{"line":40,"column":0},"end":{"line":40,"column":44}},"40":{"start":{"line":41,"column":0},"end":{"line":41,"column":37}},"41":{"start":{"line":42,"column":0},"end":{"line":42,"column":39}},"42":{"start":{"line":43,"column":0},"end":{"line":43,"column":12}},"43":{"start":{"line":44,"column":0},"end":{"line":44,"column":28}},"44":{"start":{"line":45,"column":0},"end":{"line":45,"column":95}},"45":{"start":{"line":46,"column":0},"end":{"line":46,"column":37}},"46":{"start":{"line":47,"column":0},"end":{"line":47,"column":45}},"47":{"start":{"line":48,"column":0},"end":{"line":48,"column":12}},"48":{"start":{"line":49,"column":0},"end":{"line":49,"column":28}},"49":{"start":{"line":50,"column":0},"end":{"line":50,"column":37}},"50":{"start":{"line":51,"column":0},"end":{"line":51,"column":37}},"51":{"start":{"line":52,"column":0},"end":{"line":52,"column":42}},"52":{"start":{"line":53,"column":0},"end":{"line":53,"column":12}},"53":{"start":{"line":54,"column":0},"end":{"line":54,"column":28}},"54":{"start":{"line":55,"column":0},"end":{"line":55,"column":74}},"55":{"start":{"line":56,"column":0},"end":{"line":56,"column":37}},"56":{"start":{"line":57,"column":0},"end":{"line":57,"column":50}},"57":{"start":{"line":58,"column":0},"end":{"line":58,"column":12}},"58":{"start":{"line":59,"column":0},"end":{"line":59,"column":46}},"59":{"start":{"line":60,"column":0},"end":{"line":60,"column":37}},"60":{"start":{"line":61,"column":0},"end":{"line":61,"column":42}},"61":{"start":{"line":62,"column":0},"end":{"line":62,"column":12}},"62":{"start":{"line":63,"column":0},"end":{"line":63,"column":46}},"63":{"start":{"line":64,"column":0},"end":{"line":64,"column":37}},"64":{"start":{"line":65,"column":0},"end":{"line":65,"column":42}},"65":{"start":{"line":66,"column":0},"end":{"line":66,"column":12}},"66":{"start":{"line":67,"column":0},"end":{"line":67,"column":46}},"67":{"start":{"line":68,"column":0},"end":{"line":68,"column":37}},"68":{"start":{"line":69,"column":0},"end":{"line":69,"column":47}},"69":{"start":{"line":70,"column":0},"end":{"line":70,"column":12}},"70":{"start":{"line":71,"column":0},"end":{"line":71,"column":110}},"71":{"start":{"line":72,"column":0},"end":{"line":72,"column":5}},"72":{"start":{"line":73,"column":0},"end":{"line":73,"column":32}},"73":{"start":{"line":74,"column":0},"end":{"line":74,"column":50}},"74":{"start":{"line":75,"column":0},"end":{"line":75,"column":41}},"75":{"start":{"line":76,"column":0},"end":{"line":76,"column":12}},"76":{"start":{"line":77,"column":0},"end":{"line":77,"column":108}},"77":{"start":{"line":78,"column":0},"end":{"line":78,"column":32}},"78":{"start":{"line":79,"column":0},"end":{"line":79,"column":55}},"79":{"start":{"line":80,"column":0},"end":{"line":80,"column":44}},"80":{"start":{"line":81,"column":0},"end":{"line":81,"column":46}},"81":{"start":{"line":82,"column":0},"end":{"line":82,"column":28}},"82":{"start":{"line":83,"column":0},"end":{"line":83,"column":77}},"83":{"start":{"line":84,"column":0},"end":{"line":84,"column":15}}},"s":{"0":1,"1":1,"2":20,"3":20,"4":0,"5":20,"6":20,"7":1,"8":20,"9":20,"10":1,"11":2,"12":2,"13":1,"14":1,"15":1,"16":1,"17":1,"18":1,"19":1,"20":2,"21":2,"22":2,"23":2,"24":2,"25":2,"26":2,"27":2,"28":2,"29":2,"30":2,"31":2,"32":2,"33":2,"34":2,"35":2,"36":2,"37":1,"38":1,"39":1,"40":1,"41":1,"42":1,"43":1,"44":1,"45":1,"46":1,"47":1,"48":1,"49":1,"50":1,"51":1,"52":1,"53":1,"54":1,"55":1,"56":1,"57":1,"58":1,"59":1,"60":1,"61":1,"62":1,"63":1,"64":1,"65":1,"66":1,"67":1,"68":1,"69":1,"70":1,"71":1,"72":1,"73":1,"74":1,"75":1,"76":1,"77":1,"78":1,"79":1,"80":1,"81":1,"82":1,"83":1},"branchMap":{"0":{"type":"branch","line":2,"loc":{"start":{"line":2,"column":46},"end":{"line":7,"column":2}},"locations":[{"start":{"line":2,"column":46},"end":{"line":7,"column":2}}]},"1":{"type":"branch","line":3,"loc":{"start":{"line":3,"column":39},"end":{"line":3,"column":48}},"locations":[{"start":{"line":3,"column":39},"end":{"line":3,"column":48}}]},"2":{"type":"branch","line":3,"loc":{"start":{"line":3,"column":48},"end":{"line":3,"column":125}},"locations":[{"start":{"line":3,"column":48},"end":{"line":3,"column":125}}]},"3":{"type":"branch","line":3,"loc":{"start":{"line":3,"column":64},"end":{"line":3,"column":118}},"locations":[{"start":{"line":3,"column":64},"end":{"line":3,"column":118}}]},"4":{"type":"branch","line":5,"loc":{"start":{"line":5,"column":-1},"end":{"line":5,"column":150}},"locations":[{"start":{"line":5,"column":-1},"end":{"line":5,"column":150}}]},"5":{"type":"branch","line":6,"loc":{"start":{"line":6,"column":16},"end":{"line":6,"column":21}},"locations":[{"start":{"line":6,"column":16},"end":{"line":6,"column":21}}]},"6":{"type":"branch","line":6,"loc":{"start":{"line":6,"column":21},"end":{"line":6,"column":62}},"locations":[{"start":{"line":6,"column":21},"end":{"line":6,"column":62}}]},"7":{"type":"branch","line":8,"loc":{"start":{"line":8,"column":46},"end":{"line":10,"column":2}},"locations":[{"start":{"line":8,"column":46},"end":{"line":10,"column":2}}]},"8":{"type":"branch","line":11,"loc":{"start":{"line":11,"column":56},"end":{"line":13,"column":2}},"locations":[{"start":{"line":11,"column":56},"end":{"line":13,"column":2}}]},"9":{"type":"branch","line":12,"loc":{"start":{"line":12,"column":40},"end":{"line":12,"column":61}},"locations":[{"start":{"line":12,"column":40},"end":{"line":12,"column":61}}]},"10":{"type":"branch","line":20,"loc":{"start":{"line":20,"column":17},"end":{"line":37,"column":2}},"locations":[{"start":{"line":20,"column":17},"end":{"line":37,"column":2}}]},"11":{"type":"branch","line":30,"loc":{"start":{"line":30,"column":4},"end":{"line":36,"column":5}},"locations":[{"start":{"line":30,"column":4},"end":{"line":36,"column":5}}]},"12":{"type":"branch","line":71,"loc":{"start":{"line":71,"column":29},"end":{"line":71,"column":54}},"locations":[{"start":{"line":71,"column":29},"end":{"line":71,"column":54}}]},"13":{"type":"branch","line":71,"loc":{"start":{"line":71,"column":56},"end":{"line":71,"column":74}},"locations":[{"start":{"line":71,"column":56},"end":{"line":71,"column":74}}]},"14":{"type":"branch","line":77,"loc":{"start":{"line":77,"column":28},"end":{"line":77,"column":58}},"locations":[{"start":{"line":77,"column":28},"end":{"line":77,"column":58}}]}},"b":{"0":[20],"1":[2],"2":[18],"3":[0],"4":[0],"5":[18],"6":[0],"7":[20],"8":[2],"9":[0],"10":[2],"11":[2],"12":[2],"13":[2],"14":[2]},"fnMap":{"0":{"name":"Object.<anonymous>.__decorate","decl":{"start":{"line":2,"column":46},"end":{"line":7,"column":2}},"loc":{"start":{"line":2,"column":46},"end":{"line":7,"column":2}},"line":2},"1":{"name":"Object.<anonymous>.__metadata","decl":{"start":{"line":8,"column":46},"end":{"line":10,"column":2}},"loc":{"start":{"line":8,"column":46},"end":{"line":10,"column":2}},"line":8},"2":{"name":"Object.<anonymous>.__importDefault","decl":{"start":{"line":11,"column":56},"end":{"line":13,"column":2}},"loc":{"start":{"line":11,"column":56},"end":{"line":13,"column":2}},"line":11},"3":{"name":"<instance_members_initializer>","decl":{"start":{"line":20,"column":17},"end":{"line":37,"column":2}},"loc":{"start":{"line":20,"column":17},"end":{"line":37,"column":2}},"line":20},"4":{"name":"UserEntity","decl":{"start":{"line":30,"column":4},"end":{"line":36,"column":5}},"loc":{"start":{"line":30,"column":4},"end":{"line":36,"column":5}},"line":30},"5":{"name":"Object.<anonymous>.__decorate.nullable","decl":{"start":{"line":77,"column":28},"end":{"line":77,"column":58}},"loc":{"start":{"line":77,"column":28},"end":{"line":77,"column":58}},"line":77}},"f":{"0":20,"1":20,"2":2,"3":2,"4":2,"5":2}}
,"D:\\___jobs_development\\4_personal\\servers\\ibhj_library\\dist\\src\\utils\\AddressEnum.js": {"path":"D:\\___jobs_development\\4_personal\\servers\\ibhj_library\\dist\\src\\utils\\AddressEnum.js","all":false,"statementMap":{"0":{"start":{"line":1,"column":0},"end":{"line":1,"column":13}},"1":{"start":{"line":2,"column":0},"end":{"line":2,"column":62}},"2":{"start":{"line":3,"column":0},"end":{"line":3,"column":37}},"3":{"start":{"line":4,"column":0},"end":{"line":4,"column":24}},"4":{"start":{"line":5,"column":0},"end":{"line":5,"column":33}},"5":{"start":{"line":6,"column":0},"end":{"line":6,"column":39}},"6":{"start":{"line":7,"column":0},"end":{"line":7,"column":42}},"7":{"start":{"line":8,"column":0},"end":{"line":8,"column":45}},"8":{"start":{"line":9,"column":0},"end":{"line":9,"column":43}},"9":{"start":{"line":10,"column":0},"end":{"line":10,"column":40}},"10":{"start":{"line":11,"column":0},"end":{"line":11,"column":45}},"11":{"start":{"line":12,"column":0},"end":{"line":12,"column":51}},"12":{"start":{"line":13,"column":0},"end":{"line":13,"column":54}},"13":{"start":{"line":14,"column":0},"end":{"line":14,"column":45}},"14":{"start":{"line":15,"column":0},"end":{"line":15,"column":48}},"15":{"start":{"line":16,"column":0},"end":{"line":16,"column":46}},"16":{"start":{"line":17,"column":0},"end":{"line":17,"column":53}},"17":{"start":{"line":18,"column":0},"end":{"line":18,"column":47}},"18":{"start":{"line":19,"column":0},"end":{"line":19,"column":44}},"19":{"start":{"line":20,"column":0},"end":{"line":20,"column":47}},"20":{"start":{"line":21,"column":0},"end":{"line":21,"column":46}},"21":{"start":{"line":22,"column":0},"end":{"line":22,"column":45}},"22":{"start":{"line":23,"column":0},"end":{"line":23,"column":45}},"23":{"start":{"line":24,"column":0},"end":{"line":24,"column":49}},"24":{"start":{"line":25,"column":0},"end":{"line":25,"column":54}},"25":{"start":{"line":26,"column":0},"end":{"line":26,"column":52}},"26":{"start":{"line":27,"column":0},"end":{"line":27,"column":48}},"27":{"start":{"line":28,"column":0},"end":{"line":28,"column":42}},"28":{"start":{"line":29,"column":0},"end":{"line":29,"column":49}},"29":{"start":{"line":30,"column":0},"end":{"line":30,"column":49}},"30":{"start":{"line":31,"column":0},"end":{"line":31,"column":42}},"31":{"start":{"line":32,"column":0},"end":{"line":32,"column":44}},"32":{"start":{"line":33,"column":0},"end":{"line":33,"column":84}}},"s":{"0":1,"1":1,"2":1,"3":1,"4":1,"5":2,"6":2,"7":2,"8":2,"9":2,"10":2,"11":2,"12":2,"13":2,"14":2,"15":2,"16":2,"17":2,"18":2,"19":2,"20":2,"21":2,"22":2,"23":2,"24":2,"25":2,"26":2,"27":2,"28":2,"29":2,"30":2,"31":2,"32":1},"branchMap":{"0":{"type":"branch","line":5,"loc":{"start":{"line":5,"column":1},"end":{"line":33,"column":3}},"locations":[{"start":{"line":5,"column":1},"end":{"line":33,"column":3}}]}},"b":{"0":[2]},"fnMap":{},"f":{}}
}
