TN:
SF:dist\src\config\db\dataSource.js
FNF:0
FNH:0
DA:1,1
DA:2,1
DA:3,1
DA:4,1
DA:5,1
DA:6,1
DA:7,1
DA:8,1
DA:9,1
DA:10,1
DA:11,1
DA:12,1
DA:13,1
DA:14,1
DA:15,1
DA:16,1
DA:17,1
DA:18,1
DA:19,1
DA:20,1
DA:21,1
DA:22,1
DA:23,1
DA:24,1
DA:25,1
DA:26,1
DA:27,1
DA:28,1
DA:29,1
DA:30,1
DA:31,1
DA:32,1
DA:33,1
LF:33
LH:33
BRF:0
BRH:0
end_of_record
TN:
SF:dist\src\config\strategies\base\context.strategy.js
FN:3,<instance_members_initializer>
FN:5,ContextStrategy
FN:9,connect
FN:12,create
FN:15,findAll
FN:18,findOne
FN:21,update
FN:24,delete
FNF:8
FNH:5
FNDA:2,<instance_members_initializer>
FNDA:2,ContextStrategy
FNDA:0,connect
FNDA:0,create
FNDA:2,findAll
FNDA:4,findOne
FNDA:2,update
FNDA:0,delete
DA:1,1
DA:2,1
DA:3,2
DA:4,2
DA:5,2
DA:6,2
DA:7,2
DA:8,2
DA:9,2
DA:10,0
DA:11,0
DA:12,2
DA:13,0
DA:14,0
DA:15,2
DA:16,2
DA:17,2
DA:18,2
DA:19,4
DA:20,4
DA:21,2
DA:22,2
DA:23,2
DA:24,2
DA:25,0
DA:26,0
DA:27,2
DA:28,1
LF:28
LH:22
BRDA:3,0,0,2
BRDA:5,1,0,2
BRDA:15,2,0,2
BRDA:18,3,0,4
BRDA:21,4,0,2
BRF:5
BRH:5
end_of_record
TN:
SF:dist\src\config\strategies\postgres\postgres.strategy.js
FN:4,<instance_members_initializer>
FN:6,PostgresStrategy
FN:9,connect
FN:20,createRepository
FN:24,create
FN:27,findAll
FN:30,findOne
FN:33,update
FN:36,delete
FNF:9
FNH:7
FNDA:2,<instance_members_initializer>
FNDA:2,PostgresStrategy
FNDA:2,connect
FNDA:2,createRepository
FNDA:0,create
FNDA:2,findAll
FNDA:4,findOne
FNDA:2,update
FNDA:0,delete
DA:1,1
DA:2,1
DA:3,1
DA:4,2
DA:5,2
DA:6,2
DA:7,2
DA:8,2
DA:9,2
DA:10,2
DA:11,2
DA:12,2
DA:13,2
DA:14,2
DA:15,2
DA:16,2
DA:17,0
DA:18,0
DA:19,2
DA:20,2
DA:21,2
DA:22,2
DA:23,2
DA:24,2
DA:25,0
DA:26,0
DA:27,2
DA:28,2
DA:29,2
DA:30,2
DA:31,4
DA:32,4
DA:33,2
DA:34,2
DA:35,2
DA:36,2
DA:37,0
DA:38,0
DA:39,2
DA:40,1
LF:40
LH:34
BRDA:4,0,0,2
BRDA:6,1,0,2
BRDA:9,2,0,2
BRDA:13,3,0,0
BRDA:16,4,0,0
BRDA:20,5,0,2
BRDA:27,6,0,2
BRDA:30,7,0,4
BRDA:33,8,0,2
BRF:9
BRH:7
end_of_record
TN:
SF:dist\src\entities\postgres\address.entity.js
FN:2,Object.<anonymous>.__decorate
FN:8,Object.<anonymous>.__metadata
FN:14,<instance_members_initializer>
FN:26,AddressEntity
FNF:4
FNH:4
FNDA:24,Object.<anonymous>.__decorate
FNDA:24,Object.<anonymous>.__metadata
FNDA:2,<instance_members_initializer>
FNDA:2,AddressEntity
DA:1,1
DA:2,1
DA:3,24
DA:4,24
DA:5,0
DA:6,24
DA:7,24
DA:8,1
DA:9,24
DA:10,24
DA:11,1
DA:12,1
DA:13,1
DA:14,1
DA:15,2
DA:16,2
DA:17,2
DA:18,2
DA:19,2
DA:20,2
DA:21,2
DA:22,2
DA:23,2
DA:24,2
DA:25,2
DA:26,2
DA:27,2
DA:28,2
DA:29,2
DA:30,2
DA:31,2
DA:32,2
DA:33,2
DA:34,1
DA:35,1
DA:36,1
DA:37,1
DA:38,1
DA:39,1
DA:40,1
DA:41,1
DA:42,1
DA:43,1
DA:44,1
DA:45,1
DA:46,1
DA:47,1
DA:48,1
DA:49,1
DA:50,1
DA:51,1
DA:52,1
DA:53,1
DA:54,1
DA:55,1
DA:56,1
DA:57,1
DA:58,1
DA:59,1
DA:60,1
DA:61,1
DA:62,1
DA:63,1
DA:64,1
DA:65,1
DA:66,1
DA:67,1
DA:68,1
DA:69,1
DA:70,1
DA:71,1
DA:72,1
DA:73,1
DA:74,1
DA:75,1
DA:76,1
DA:77,1
DA:78,1
DA:79,1
DA:80,1
DA:81,1
DA:82,1
LF:82
LH:81
BRDA:2,0,0,24
BRDA:3,1,0,2
BRDA:3,2,0,22
BRDA:3,3,0,0
BRDA:5,4,0,0
BRDA:6,5,0,22
BRDA:6,6,0,0
BRDA:8,7,0,24
BRDA:14,8,0,2
BRDA:26,9,0,2
BRF:10
BRH:7
end_of_record
TN:
SF:dist\src\entities\postgres\author.entity.js
FN:2,Object.<anonymous>.__decorate
FN:8,Object.<anonymous>.__metadata
FN:16,<instance_members_initializer>
FN:20,Author
FNF:4
FNH:4
FNDA:8,Object.<anonymous>.__decorate
FNDA:8,Object.<anonymous>.__metadata
FNDA:2,<instance_members_initializer>
FNDA:2,Author
DA:1,1
DA:2,1
DA:3,8
DA:4,8
DA:5,0
DA:6,8
DA:7,8
DA:8,1
DA:9,8
DA:10,8
DA:11,1
DA:12,1
DA:13,1
DA:14,1
DA:15,1
DA:16,1
DA:17,2
DA:18,2
DA:19,2
DA:20,2
DA:21,2
DA:22,2
DA:23,2
DA:24,1
DA:25,1
DA:26,1
DA:27,1
DA:28,1
DA:29,1
DA:30,1
DA:31,1
DA:32,1
DA:33,1
DA:34,1
DA:35,1
DA:36,1
DA:37,1
DA:38,1
DA:39,1
DA:40,1
DA:41,1
LF:41
LH:40
BRDA:2,0,0,8
BRDA:3,1,0,2
BRDA:3,2,0,6
BRDA:3,3,0,0
BRDA:5,4,0,0
BRDA:6,5,0,6
BRDA:6,6,0,0
BRDA:8,7,0,8
BRDA:16,8,0,2
BRDA:20,9,0,2
BRDA:35,10,0,2
BRDA:35,11,0,2
BRF:12
BRH:9
end_of_record
TN:
SF:dist\src\entities\postgres\book.entity.js
FN:2,Object.<anonymous>.__decorate
FN:8,Object.<anonymous>.__metadata
FN:17,<instance_members_initializer>
FN:27,Book
FN:50,Object.<anonymous>.__decorate.nullable
FN:58,Object.<anonymous>.__decorate.nullable
FNF:6
FNH:6
FNDA:20,Object.<anonymous>.__decorate
FNDA:20,Object.<anonymous>.__metadata
FNDA:2,<instance_members_initializer>
FNDA:2,Book
FNDA:2,Object.<anonymous>.__decorate.nullable
FNDA:2,Object.<anonymous>.__decorate.nullable
DA:1,1
DA:2,1
DA:3,20
DA:4,20
DA:5,0
DA:6,20
DA:7,20
DA:8,1
DA:9,20
DA:10,20
DA:11,1
DA:12,1
DA:13,1
DA:14,1
DA:15,1
DA:16,1
DA:17,1
DA:18,2
DA:19,2
DA:20,2
DA:21,2
DA:22,2
DA:23,2
DA:24,2
DA:25,2
DA:26,2
DA:27,2
DA:28,2
DA:29,2
DA:30,2
DA:31,2
DA:32,2
DA:33,2
DA:34,2
DA:35,1
DA:36,1
DA:37,1
DA:38,1
DA:39,1
DA:40,1
DA:41,1
DA:42,1
DA:43,1
DA:44,1
DA:45,1
DA:46,1
DA:47,1
DA:48,1
DA:49,1
DA:50,1
DA:51,1
DA:52,1
DA:53,1
DA:54,1
DA:55,1
DA:56,1
DA:57,1
DA:58,1
DA:59,1
DA:60,1
DA:61,1
DA:62,1
DA:63,1
DA:64,1
DA:65,1
DA:66,1
DA:67,1
DA:68,1
DA:69,1
DA:70,1
DA:71,1
DA:72,1
DA:73,1
DA:74,1
DA:75,1
DA:76,1
LF:76
LH:75
BRDA:2,0,0,20
BRDA:3,1,0,2
BRDA:3,2,0,18
BRDA:3,3,0,0
BRDA:5,4,0,0
BRDA:6,5,0,18
BRDA:6,6,0,0
BRDA:8,7,0,20
BRDA:17,8,0,2
BRDA:27,9,0,2
BRDA:50,10,0,2
BRDA:58,11,0,2
BRF:12
BRH:9
end_of_record
TN:
SF:dist\src\entities\postgres\permissions.entity.js
FN:2,Object.<anonymous>.__decorate
FN:8,Object.<anonymous>.__metadata
FN:16,<instance_members_initializer>
FN:20,Permissions
FNF:4
FNH:4
FNDA:8,Object.<anonymous>.__decorate
FNDA:8,Object.<anonymous>.__metadata
FNDA:8,<instance_members_initializer>
FNDA:8,Permissions
DA:1,1
DA:2,1
DA:3,8
DA:4,8
DA:5,0
DA:6,8
DA:7,8
DA:8,1
DA:9,8
DA:10,8
DA:11,1
DA:12,1
DA:13,1
DA:14,1
DA:15,1
DA:16,1
DA:17,8
DA:18,8
DA:19,8
DA:20,8
DA:21,8
DA:22,8
DA:23,8
DA:24,1
DA:25,1
DA:26,1
DA:27,1
DA:28,1
DA:29,1
DA:30,1
DA:31,1
DA:32,1
DA:33,1
DA:34,1
DA:35,1
DA:36,1
DA:37,1
DA:38,1
DA:39,1
DA:40,1
DA:41,1
LF:41
LH:40
BRDA:2,0,0,8
BRDA:3,1,0,2
BRDA:3,2,0,6
BRDA:3,3,0,0
BRDA:5,4,0,0
BRDA:6,5,0,6
BRDA:6,6,0,0
BRDA:8,7,0,8
BRDA:16,8,0,8
BRDA:20,9,0,8
BRDA:35,10,0,2
BRDA:35,11,0,2
BRF:12
BRH:9
end_of_record
TN:
SF:dist\src\entities\postgres\publisher.entity.js
FN:2,Object.<anonymous>.__decorate
FN:8,Object.<anonymous>.__metadata
FN:16,<instance_members_initializer>
FN:20,Publisher
FNF:4
FNH:4
FNDA:8,Object.<anonymous>.__decorate
FNDA:8,Object.<anonymous>.__metadata
FNDA:2,<instance_members_initializer>
FNDA:2,Publisher
DA:1,1
DA:2,1
DA:3,8
DA:4,8
DA:5,0
DA:6,8
DA:7,8
DA:8,1
DA:9,8
DA:10,8
DA:11,1
DA:12,1
DA:13,1
DA:14,1
DA:15,1
DA:16,1
DA:17,2
DA:18,2
DA:19,2
DA:20,2
DA:21,2
DA:22,2
DA:23,2
DA:24,1
DA:25,1
DA:26,1
DA:27,1
DA:28,1
DA:29,1
DA:30,1
DA:31,1
DA:32,1
DA:33,1
DA:34,1
DA:35,1
DA:36,1
DA:37,1
DA:38,1
DA:39,1
DA:40,1
DA:41,1
LF:41
LH:40
BRDA:2,0,0,8
BRDA:3,1,0,2
BRDA:3,2,0,6
BRDA:3,3,0,0
BRDA:5,4,0,0
BRDA:6,5,0,6
BRDA:6,6,0,0
BRDA:8,7,0,8
BRDA:16,8,0,2
BRDA:20,9,0,2
BRDA:35,10,0,2
BRDA:35,11,0,2
BRF:12
BRH:9
end_of_record
TN:
SF:dist\src\entities\postgres\roles.entity.js
FN:2,Object.<anonymous>.__decorate
FN:8,Object.<anonymous>.__metadata
FN:17,<instance_members_initializer>
FN:22,Role
FNF:4
FNH:4
FNDA:10,Object.<anonymous>.__decorate
FNDA:10,Object.<anonymous>.__metadata
FNDA:8,<instance_members_initializer>
FNDA:8,Role
DA:1,1
DA:2,1
DA:3,10
DA:4,10
DA:5,0
DA:6,10
DA:7,10
DA:8,1
DA:9,10
DA:10,10
DA:11,1
DA:12,1
DA:13,1
DA:14,1
DA:15,1
DA:16,1
DA:17,1
DA:18,8
DA:19,8
DA:20,8
DA:21,8
DA:22,8
DA:23,8
DA:24,8
DA:25,8
DA:26,1
DA:27,1
DA:28,1
DA:29,1
DA:30,1
DA:31,1
DA:32,1
DA:33,1
DA:34,1
DA:35,1
DA:36,1
DA:37,1
DA:38,1
DA:39,1
DA:40,1
DA:41,1
DA:42,1
DA:43,1
DA:44,1
DA:45,1
DA:46,1
DA:47,1
LF:47
LH:46
BRDA:2,0,0,10
BRDA:3,1,0,2
BRDA:3,2,0,8
BRDA:3,3,0,0
BRDA:5,4,0,0
BRDA:6,5,0,8
BRDA:6,6,0,0
BRDA:8,7,0,10
BRDA:17,8,0,8
BRDA:22,9,0,8
BRDA:37,10,0,2
BRDA:37,11,0,2
BRDA:41,12,0,2
BRDA:41,13,0,2
BRF:14
BRH:11
end_of_record
TN:
SF:dist\src\entities\postgres\user.entity.js
FN:2,Object.<anonymous>.__decorate
FN:8,Object.<anonymous>.__metadata
FN:11,Object.<anonymous>.__importDefault
FN:20,<instance_members_initializer>
FN:30,UserEntity
FN:77,Object.<anonymous>.__decorate.nullable
FNF:6
FNH:6
FNDA:20,Object.<anonymous>.__decorate
FNDA:20,Object.<anonymous>.__metadata
FNDA:2,Object.<anonymous>.__importDefault
FNDA:2,<instance_members_initializer>
FNDA:2,UserEntity
FNDA:2,Object.<anonymous>.__decorate.nullable
DA:1,1
DA:2,1
DA:3,20
DA:4,20
DA:5,0
DA:6,20
DA:7,20
DA:8,1
DA:9,20
DA:10,20
DA:11,1
DA:12,2
DA:13,2
DA:14,1
DA:15,1
DA:16,1
DA:17,1
DA:18,1
DA:19,1
DA:20,1
DA:21,2
DA:22,2
DA:23,2
DA:24,2
DA:25,2
DA:26,2
DA:27,2
DA:28,2
DA:29,2
DA:30,2
DA:31,2
DA:32,2
DA:33,2
DA:34,2
DA:35,2
DA:36,2
DA:37,2
DA:38,1
DA:39,1
DA:40,1
DA:41,1
DA:42,1
DA:43,1
DA:44,1
DA:45,1
DA:46,1
DA:47,1
DA:48,1
DA:49,1
DA:50,1
DA:51,1
DA:52,1
DA:53,1
DA:54,1
DA:55,1
DA:56,1
DA:57,1
DA:58,1
DA:59,1
DA:60,1
DA:61,1
DA:62,1
DA:63,1
DA:64,1
DA:65,1
DA:66,1
DA:67,1
DA:68,1
DA:69,1
DA:70,1
DA:71,1
DA:72,1
DA:73,1
DA:74,1
DA:75,1
DA:76,1
DA:77,1
DA:78,1
DA:79,1
DA:80,1
DA:81,1
DA:82,1
DA:83,1
DA:84,1
LF:84
LH:83
BRDA:2,0,0,20
BRDA:3,1,0,2
BRDA:3,2,0,18
BRDA:3,3,0,0
BRDA:5,4,0,0
BRDA:6,5,0,18
BRDA:6,6,0,0
BRDA:8,7,0,20
BRDA:11,8,0,2
BRDA:12,9,0,0
BRDA:20,10,0,2
BRDA:30,11,0,2
BRDA:71,12,0,2
BRDA:71,13,0,2
BRDA:77,14,0,2
BRF:15
BRH:11
end_of_record
TN:
SF:dist\src\utils\AddressEnum.js
FNF:0
FNH:0
DA:1,1
DA:2,1
DA:3,1
DA:4,1
DA:5,1
DA:6,2
DA:7,2
DA:8,2
DA:9,2
DA:10,2
DA:11,2
DA:12,2
DA:13,2
DA:14,2
DA:15,2
DA:16,2
DA:17,2
DA:18,2
DA:19,2
DA:20,2
DA:21,2
DA:22,2
DA:23,2
DA:24,2
DA:25,2
DA:26,2
DA:27,2
DA:28,2
DA:29,2
DA:30,2
DA:31,2
DA:32,2
DA:33,1
LF:33
LH:33
BRDA:5,0,0,2
BRF:1
BRH:1
end_of_record
