TN:
SF:dist\src\config\db\dataSource.js
FNF:0
FNH:0
DA:1,1
DA:2,1
DA:3,1
DA:4,1
DA:5,1
DA:6,1
DA:7,1
DA:8,1
DA:9,1
DA:10,1
DA:11,1
DA:12,1
DA:13,1
DA:14,1
DA:15,1
DA:16,1
DA:17,1
DA:18,1
DA:19,1
DA:20,1
DA:21,1
DA:22,1
DA:23,1
DA:24,1
DA:25,1
DA:26,1
DA:27,1
DA:28,1
DA:29,1
DA:30,1
DA:31,1
DA:32,1
DA:33,1
LF:33
LH:33
BRF:0
BRH:0
end_of_record
TN:
SF:dist\src\config\strategies\base\context.strategy.js
FN:3,<instance_members_initializer>
FN:5,ContextStrategy
FN:9,connect
FN:12,create
FN:15,findAll
FN:18,findOne
FN:21,update
FN:24,delete
FNF:8
FNH:3
FNDA:1,<instance_members_initializer>
FNDA:1,ContextStrategy
FNDA:0,connect
FNDA:0,create
FNDA:1,findAll
FNDA:0,findOne
FNDA:0,update
FNDA:0,delete
DA:1,1
DA:2,1
DA:3,1
DA:4,1
DA:5,1
DA:6,1
DA:7,1
DA:8,1
DA:9,1
DA:10,0
DA:11,0
DA:12,1
DA:13,0
DA:14,0
DA:15,1
DA:16,1
DA:17,1
DA:18,1
DA:19,0
DA:20,0
DA:21,1
DA:22,0
DA:23,0
DA:24,1
DA:25,0
DA:26,0
DA:27,1
DA:28,1
LF:28
LH:18
BRDA:3,0,0,1
BRDA:5,1,0,1
BRDA:15,2,0,1
BRF:3
BRH:3
end_of_record
TN:
SF:dist\src\config\strategies\postgres\postgres.strategy.js
FN:4,<instance_members_initializer>
FN:6,PostgresStrategy
FN:9,connect
FN:20,createRepository
FN:24,create
FN:27,findAll
FN:30,findOne
FN:33,update
FN:36,delete
FNF:9
FNH:5
FNDA:1,<instance_members_initializer>
FNDA:1,PostgresStrategy
FNDA:1,connect
FNDA:2,createRepository
FNDA:0,create
FNDA:1,findAll
FNDA:0,findOne
FNDA:0,update
FNDA:0,delete
DA:1,1
DA:2,1
DA:3,1
DA:4,1
DA:5,1
DA:6,1
DA:7,1
DA:8,1
DA:9,1
DA:10,1
DA:11,1
DA:12,1
DA:13,1
DA:14,1
DA:15,1
DA:16,1
DA:17,0
DA:18,0
DA:19,1
DA:20,1
DA:21,2
DA:22,2
DA:23,2
DA:24,1
DA:25,0
DA:26,0
DA:27,1
DA:28,1
DA:29,1
DA:30,1
DA:31,0
DA:32,0
DA:33,1
DA:34,0
DA:35,0
DA:36,1
DA:37,0
DA:38,0
DA:39,1
DA:40,1
LF:40
LH:30
BRDA:4,0,0,1
BRDA:6,1,0,1
BRDA:9,2,0,1
BRDA:13,3,0,0
BRDA:16,4,0,0
BRDA:20,5,0,2
BRDA:27,6,0,1
BRF:7
BRH:5
end_of_record
TN:
SF:dist\src\entities\postgres\address.entity.js
FN:2,Object.<anonymous>.__decorate
FN:8,Object.<anonymous>.__metadata
FN:14,<instance_members_initializer>
FN:26,AddressEntity
FNF:4
FNH:4
FNDA:12,Object.<anonymous>.__decorate
FNDA:12,Object.<anonymous>.__metadata
FNDA:1,<instance_members_initializer>
FNDA:1,AddressEntity
DA:1,1
DA:2,1
DA:3,12
DA:4,12
DA:5,0
DA:6,12
DA:7,12
DA:8,1
DA:9,12
DA:10,12
DA:11,1
DA:12,1
DA:13,1
DA:14,1
DA:15,1
DA:16,1
DA:17,1
DA:18,1
DA:19,1
DA:20,1
DA:21,1
DA:22,1
DA:23,1
DA:24,1
DA:25,1
DA:26,1
DA:27,1
DA:28,1
DA:29,1
DA:30,1
DA:31,1
DA:32,1
DA:33,1
DA:34,1
DA:35,1
DA:36,1
DA:37,1
DA:38,1
DA:39,1
DA:40,1
DA:41,1
DA:42,1
DA:43,1
DA:44,1
DA:45,1
DA:46,1
DA:47,1
DA:48,1
DA:49,1
DA:50,1
DA:51,1
DA:52,1
DA:53,1
DA:54,1
DA:55,1
DA:56,1
DA:57,1
DA:58,1
DA:59,1
DA:60,1
DA:61,1
DA:62,1
DA:63,1
DA:64,1
DA:65,1
DA:66,1
DA:67,1
DA:68,1
DA:69,1
DA:70,1
DA:71,1
DA:72,1
DA:73,1
DA:74,1
DA:75,1
DA:76,1
DA:77,1
DA:78,1
DA:79,1
DA:80,1
DA:81,1
DA:82,1
LF:82
LH:81
BRDA:2,0,0,12
BRDA:3,1,0,1
BRDA:3,2,0,11
BRDA:3,3,0,0
BRDA:5,4,0,0
BRDA:6,5,0,11
BRDA:6,6,0,0
BRDA:8,7,0,12
BRDA:14,8,0,1
BRDA:26,9,0,1
BRF:10
BRH:7
end_of_record
TN:
SF:dist\src\entities\postgres\author.entity.js
FN:2,Object.<anonymous>.__decorate
FN:8,Object.<anonymous>.__metadata
FN:16,<instance_members_initializer>
FN:20,Author
FNF:4
FNH:4
FNDA:4,Object.<anonymous>.__decorate
FNDA:4,Object.<anonymous>.__metadata
FNDA:1,<instance_members_initializer>
FNDA:1,Author
DA:1,1
DA:2,1
DA:3,4
DA:4,4
DA:5,0
DA:6,4
DA:7,4
DA:8,1
DA:9,4
DA:10,4
DA:11,1
DA:12,1
DA:13,1
DA:14,1
DA:15,1
DA:16,1
DA:17,1
DA:18,1
DA:19,1
DA:20,1
DA:21,1
DA:22,1
DA:23,1
DA:24,1
DA:25,1
DA:26,1
DA:27,1
DA:28,1
DA:29,1
DA:30,1
DA:31,1
DA:32,1
DA:33,1
DA:34,1
DA:35,1
DA:36,1
DA:37,1
DA:38,1
DA:39,1
DA:40,1
DA:41,1
LF:41
LH:40
BRDA:2,0,0,4
BRDA:3,1,0,1
BRDA:3,2,0,3
BRDA:3,3,0,0
BRDA:5,4,0,0
BRDA:6,5,0,3
BRDA:6,6,0,0
BRDA:8,7,0,4
BRDA:16,8,0,1
BRDA:20,9,0,1
BRDA:35,10,0,1
BRDA:35,11,0,1
BRF:12
BRH:9
end_of_record
TN:
SF:dist\src\entities\postgres\book.entity.js
FN:2,Object.<anonymous>.__decorate
FN:8,Object.<anonymous>.__metadata
FN:17,<instance_members_initializer>
FN:27,Book
FN:50,Object.<anonymous>.__decorate.nullable
FN:58,Object.<anonymous>.__decorate.nullable
FNF:6
FNH:6
FNDA:10,Object.<anonymous>.__decorate
FNDA:10,Object.<anonymous>.__metadata
FNDA:1,<instance_members_initializer>
FNDA:1,Book
FNDA:1,Object.<anonymous>.__decorate.nullable
FNDA:1,Object.<anonymous>.__decorate.nullable
DA:1,1
DA:2,1
DA:3,10
DA:4,10
DA:5,0
DA:6,10
DA:7,10
DA:8,1
DA:9,10
DA:10,10
DA:11,1
DA:12,1
DA:13,1
DA:14,1
DA:15,1
DA:16,1
DA:17,1
DA:18,1
DA:19,1
DA:20,1
DA:21,1
DA:22,1
DA:23,1
DA:24,1
DA:25,1
DA:26,1
DA:27,1
DA:28,1
DA:29,1
DA:30,1
DA:31,1
DA:32,1
DA:33,1
DA:34,1
DA:35,1
DA:36,1
DA:37,1
DA:38,1
DA:39,1
DA:40,1
DA:41,1
DA:42,1
DA:43,1
DA:44,1
DA:45,1
DA:46,1
DA:47,1
DA:48,1
DA:49,1
DA:50,1
DA:51,1
DA:52,1
DA:53,1
DA:54,1
DA:55,1
DA:56,1
DA:57,1
DA:58,1
DA:59,1
DA:60,1
DA:61,1
DA:62,1
DA:63,1
DA:64,1
DA:65,1
DA:66,1
DA:67,1
DA:68,1
DA:69,1
DA:70,1
DA:71,1
DA:72,1
DA:73,1
DA:74,1
DA:75,1
DA:76,1
LF:76
LH:75
BRDA:2,0,0,10
BRDA:3,1,0,1
BRDA:3,2,0,9
BRDA:3,3,0,0
BRDA:5,4,0,0
BRDA:6,5,0,9
BRDA:6,6,0,0
BRDA:8,7,0,10
BRDA:17,8,0,1
BRDA:27,9,0,1
BRDA:50,10,0,1
BRDA:58,11,0,1
BRF:12
BRH:9
end_of_record
TN:
SF:dist\src\entities\postgres\permissions.entity.js
FN:2,Object.<anonymous>.__decorate
FN:8,Object.<anonymous>.__metadata
FN:16,<instance_members_initializer>
FN:20,Permissions
FNF:4
FNH:4
FNDA:4,Object.<anonymous>.__decorate
FNDA:4,Object.<anonymous>.__metadata
FNDA:1,<instance_members_initializer>
FNDA:1,Permissions
DA:1,1
DA:2,1
DA:3,4
DA:4,4
DA:5,0
DA:6,4
DA:7,4
DA:8,1
DA:9,4
DA:10,4
DA:11,1
DA:12,1
DA:13,1
DA:14,1
DA:15,1
DA:16,1
DA:17,1
DA:18,1
DA:19,1
DA:20,1
DA:21,1
DA:22,1
DA:23,1
DA:24,1
DA:25,1
DA:26,1
DA:27,1
DA:28,1
DA:29,1
DA:30,1
DA:31,1
DA:32,1
DA:33,1
DA:34,1
DA:35,1
DA:36,1
DA:37,1
DA:38,1
DA:39,1
DA:40,1
DA:41,1
LF:41
LH:40
BRDA:2,0,0,4
BRDA:3,1,0,1
BRDA:3,2,0,3
BRDA:3,3,0,0
BRDA:5,4,0,0
BRDA:6,5,0,3
BRDA:6,6,0,0
BRDA:8,7,0,4
BRDA:16,8,0,1
BRDA:20,9,0,1
BRDA:35,10,0,1
BRDA:35,11,0,1
BRF:12
BRH:9
end_of_record
TN:
SF:dist\src\entities\postgres\publisher.entity.js
FN:2,Object.<anonymous>.__decorate
FN:8,Object.<anonymous>.__metadata
FN:16,<instance_members_initializer>
FN:20,Publisher
FNF:4
FNH:4
FNDA:4,Object.<anonymous>.__decorate
FNDA:4,Object.<anonymous>.__metadata
FNDA:1,<instance_members_initializer>
FNDA:1,Publisher
DA:1,1
DA:2,1
DA:3,4
DA:4,4
DA:5,0
DA:6,4
DA:7,4
DA:8,1
DA:9,4
DA:10,4
DA:11,1
DA:12,1
DA:13,1
DA:14,1
DA:15,1
DA:16,1
DA:17,1
DA:18,1
DA:19,1
DA:20,1
DA:21,1
DA:22,1
DA:23,1
DA:24,1
DA:25,1
DA:26,1
DA:27,1
DA:28,1
DA:29,1
DA:30,1
DA:31,1
DA:32,1
DA:33,1
DA:34,1
DA:35,1
DA:36,1
DA:37,1
DA:38,1
DA:39,1
DA:40,1
DA:41,1
LF:41
LH:40
BRDA:2,0,0,4
BRDA:3,1,0,1
BRDA:3,2,0,3
BRDA:3,3,0,0
BRDA:5,4,0,0
BRDA:6,5,0,3
BRDA:6,6,0,0
BRDA:8,7,0,4
BRDA:16,8,0,1
BRDA:20,9,0,1
BRDA:35,10,0,1
BRDA:35,11,0,1
BRF:12
BRH:9
end_of_record
TN:
SF:dist\src\entities\postgres\roles.entity.js
FN:2,Object.<anonymous>.__decorate
FN:8,Object.<anonymous>.__metadata
FN:17,<instance_members_initializer>
FN:22,Role
FNF:4
FNH:4
FNDA:5,Object.<anonymous>.__decorate
FNDA:5,Object.<anonymous>.__metadata
FNDA:3,<instance_members_initializer>
FNDA:3,Role
DA:1,1
DA:2,1
DA:3,5
DA:4,5
DA:5,0
DA:6,5
DA:7,5
DA:8,1
DA:9,5
DA:10,5
DA:11,1
DA:12,1
DA:13,1
DA:14,1
DA:15,1
DA:16,1
DA:17,1
DA:18,3
DA:19,3
DA:20,3
DA:21,3
DA:22,3
DA:23,3
DA:24,3
DA:25,3
DA:26,1
DA:27,1
DA:28,1
DA:29,1
DA:30,1
DA:31,1
DA:32,1
DA:33,1
DA:34,1
DA:35,1
DA:36,1
DA:37,1
DA:38,1
DA:39,1
DA:40,1
DA:41,1
DA:42,1
DA:43,1
DA:44,1
DA:45,1
DA:46,1
DA:47,1
LF:47
LH:46
BRDA:2,0,0,5
BRDA:3,1,0,1
BRDA:3,2,0,4
BRDA:3,3,0,0
BRDA:5,4,0,0
BRDA:6,5,0,4
BRDA:6,6,0,0
BRDA:8,7,0,5
BRDA:17,8,0,3
BRDA:22,9,0,3
BRDA:37,10,0,1
BRDA:37,11,0,1
BRDA:41,12,0,1
BRDA:41,13,0,1
BRF:14
BRH:11
end_of_record
TN:
SF:dist\src\entities\postgres\user.entity.js
FN:2,Object.<anonymous>.__decorate
FN:8,Object.<anonymous>.__metadata
FN:11,Object.<anonymous>.__importDefault
FN:20,<instance_members_initializer>
FN:30,UserEntity
FN:77,Object.<anonymous>.__decorate.nullable
FNF:6
FNH:6
FNDA:10,Object.<anonymous>.__decorate
FNDA:10,Object.<anonymous>.__metadata
FNDA:1,Object.<anonymous>.__importDefault
FNDA:1,<instance_members_initializer>
FNDA:1,UserEntity
FNDA:1,Object.<anonymous>.__decorate.nullable
DA:1,1
DA:2,1
DA:3,10
DA:4,10
DA:5,0
DA:6,10
DA:7,10
DA:8,1
DA:9,10
DA:10,10
DA:11,1
DA:12,1
DA:13,1
DA:14,1
DA:15,1
DA:16,1
DA:17,1
DA:18,1
DA:19,1
DA:20,1
DA:21,1
DA:22,1
DA:23,1
DA:24,1
DA:25,1
DA:26,1
DA:27,1
DA:28,1
DA:29,1
DA:30,1
DA:31,1
DA:32,1
DA:33,1
DA:34,1
DA:35,1
DA:36,1
DA:37,1
DA:38,1
DA:39,1
DA:40,1
DA:41,1
DA:42,1
DA:43,1
DA:44,1
DA:45,1
DA:46,1
DA:47,1
DA:48,1
DA:49,1
DA:50,1
DA:51,1
DA:52,1
DA:53,1
DA:54,1
DA:55,1
DA:56,1
DA:57,1
DA:58,1
DA:59,1
DA:60,1
DA:61,1
DA:62,1
DA:63,1
DA:64,1
DA:65,1
DA:66,1
DA:67,1
DA:68,1
DA:69,1
DA:70,1
DA:71,1
DA:72,1
DA:73,1
DA:74,1
DA:75,1
DA:76,1
DA:77,1
DA:78,1
DA:79,1
DA:80,1
DA:81,1
DA:82,1
DA:83,1
DA:84,1
LF:84
LH:83
BRDA:2,0,0,10
BRDA:3,1,0,1
BRDA:3,2,0,9
BRDA:3,3,0,0
BRDA:5,4,0,0
BRDA:6,5,0,9
BRDA:6,6,0,0
BRDA:8,7,0,10
BRDA:11,8,0,1
BRDA:12,9,0,0
BRDA:20,10,0,1
BRDA:30,11,0,1
BRDA:71,12,0,1
BRDA:71,13,0,1
BRDA:77,14,0,1
BRF:15
BRH:11
end_of_record
TN:
SF:dist\src\utils\AddressEnum.js
FNF:0
FNH:0
DA:1,1
DA:2,1
DA:3,1
DA:4,1
DA:5,1
DA:6,1
DA:7,1
DA:8,1
DA:9,1
DA:10,1
DA:11,1
DA:12,1
DA:13,1
DA:14,1
DA:15,1
DA:16,1
DA:17,1
DA:18,1
DA:19,1
DA:20,1
DA:21,1
DA:22,1
DA:23,1
DA:24,1
DA:25,1
DA:26,1
DA:27,1
DA:28,1
DA:29,1
DA:30,1
DA:31,1
DA:32,1
DA:33,1
LF:33
LH:33
BRDA:5,0,0,1
BRF:1
BRH:1
end_of_record
